
> site@0.0.1 build
> astro build

22:12:34 [content] Syncing content
22:12:35 [content] Synced content
22:12:35 [types] Generated 463ms
22:12:35 [build] output: "static"
22:12:35 [build] mode: "static"
22:12:35 [build] directory: /Users/drmaciver/Projects/sts2-wiki/site/dist/
22:12:35 [build] Collecting build info...
22:12:35 [build] ✓ Completed in 473ms.
22:12:35 [build] Building static entrypoints...
22:12:36 [WARN] [vite] "matchHostname", "matchPathname", "matchPort" and "matchProtocol" are imported from external module "@astrojs/internal-helpers/remote" but never used in "node_modules/astro/dist/assets/utils/index.js".
22:12:36 [vite] ✓ built in 1.17s
22:12:37 [vite] ✓ built in 349ms
22:12:37 [build] Rearranging server assets...

 generating static routes 
22:12:37   ├─ /404.html (+6ms) 
22:12:37   ├─ /acts/glory/index.html (+6ms) 
22:12:37   ├─ /acts/hive/index.html (+4ms) 
22:12:37   ├─ /acts/overgrowth/index.html (+4ms) 
22:12:37   ├─ /acts/underdocks/index.html (+3ms) 
22:12:37   ├─ /acts/index.html (+2ms) 
22:12:37   ├─ /ancients/index.html (+1ms) 
22:12:37   ├─ /ancients/darv/index.html (+2ms) 
22:12:37   ├─ /ancients/neow/index.html (+2ms) 
22:12:37   ├─ /ancients/nonupeipe/index.html (+1ms) 
22:12:37   ├─ /ancients/orobas/index.html (+1ms) 
22:12:37   ├─ /ancients/pael/index.html (+1ms) 
22:12:37   ├─ /ancients/tanx/index.html (+1ms) 
22:12:37   ├─ /ancients/tezcatara/index.html (+0ms) 
22:12:37   ├─ /ancients/vakuu/index.html (+0ms) 
22:12:37   ├─ /ascensions/index.html (+2ms) 
22:12:37   ├─ /ascensions/level-00/index.html (+1ms) 
22:12:37   ├─ /ascensions/level-01/index.html (+1ms) 
22:12:37   ├─ /ascensions/level-02/index.html (+1ms) 
22:12:37   ├─ /ascensions/level-03/index.html (+1ms) 
22:12:37   ├─ /ascensions/level-04/index.html (+1ms) 
22:12:37   ├─ /ascensions/level-05/index.html (+1ms) 
22:12:37   ├─ /ascensions/level-06/index.html (+1ms) 
22:12:37   ├─ /ascensions/level-07/index.html (+1ms) 
22:12:37   ├─ /ascensions/level-08/index.html (+2ms) 
22:12:37   ├─ /ascensions/level-09/index.html (+2ms) 
22:12:37   ├─ /ascensions/level-10/index.html (+1ms) 
22:12:37   ├─ /cards/index.html (+12ms) 
22:12:37   ├─ /cards/abrasive/index.html (+2ms) 
22:12:37   ├─ /cards/accelerant/index.html (+1ms) 
22:12:37   ├─ /cards/accuracy/index.html (+1ms) 
22:12:37   ├─ /cards/acrobatics/index.html (+1ms) 
22:12:37   ├─ /cards/adaptive-strike/index.html (+1ms) 
22:12:37   ├─ /cards/adrenaline/index.html (+2ms) 
22:12:37   ├─ /cards/afterimage/index.html (+1ms) 
22:12:37   ├─ /cards/afterlife/index.html (+1ms) 
22:12:37   ├─ /cards/aggression/index.html (+1ms) 
22:12:37   ├─ /cards/alchemize/index.html (+1ms) 
22:12:37   ├─ /cards/alignment/index.html (+1ms) 
22:12:37   ├─ /cards/all-for-one/index.html (+1ms) 
22:12:37   ├─ /cards/anger/index.html (+1ms) 
22:12:37   ├─ /cards/anointed/index.html (+1ms) 
22:12:37   ├─ /cards/anticipate/index.html (+1ms) 
22:12:37   ├─ /cards/apotheosis/index.html (+1ms) 
22:12:37   ├─ /cards/apparition/index.html (+1ms) 
22:12:37   ├─ /cards/armaments/index.html (+1ms) 
22:12:37   ├─ /cards/arsenal/index.html (+1ms) 
22:12:37   ├─ /cards/ascender-s-bane/index.html (+1ms) 
22:12:37   ├─ /cards/ashen-strike/index.html (+1ms) 
22:12:37   ├─ /cards/assassinate/index.html (+1ms) 
22:12:37   ├─ /cards/astral-pulse/index.html (+1ms) 
22:12:37   ├─ /cards/automation/index.html (+1ms) 
22:12:37   ├─ /cards/backflip/index.html (+1ms) 
22:12:37   ├─ /cards/backstab/index.html (+1ms) 
22:12:37   ├─ /cards/bad-luck/index.html (+1ms) 
22:12:37   ├─ /cards/ball-lightning/index.html (+1ms) 
22:12:37   ├─ /cards/banshee-s-cry/index.html (+1ms) 
22:12:37   ├─ /cards/barrage/index.html (+1ms) 
22:12:37   ├─ /cards/barricade/index.html (+1ms) 
22:12:37   ├─ /cards/bash/index.html (+1ms) 
22:12:37   ├─ /cards/battle-trance/index.html (+1ms) 
22:12:37   ├─ /cards/beacon-of-hope/index.html (+1ms) 
22:12:37   ├─ /cards/beam-cell/index.html (+1ms) 
22:12:37   ├─ /cards/beat-down/index.html (+1ms) 
22:12:37   ├─ /cards/beat-into-shape/index.html (+1ms) 
22:12:37   ├─ /cards/beckon/index.html (+1ms) 
22:12:37   ├─ /cards/begone/index.html (+1ms) 
22:12:37   ├─ /cards/believe-in-you/index.html (+1ms) 
22:12:37   ├─ /cards/biased-cognition/index.html (+1ms) 
22:12:37   ├─ /cards/big-bang/index.html (+1ms) 
22:12:37   ├─ /cards/black-hole/index.html (+1ms) 
22:12:37   ├─ /cards/blade-dance/index.html (+1ms) 
22:12:37   ├─ /cards/blade-of-ink/index.html (+1ms) 
22:12:37   ├─ /cards/blight-strike/index.html (+1ms) 
22:12:37   ├─ /cards/blood-wall/index.html (+1ms) 
22:12:37   ├─ /cards/bloodletting/index.html (+1ms) 
22:12:37   ├─ /cards/bludgeon/index.html (+1ms) 
22:12:37   ├─ /cards/blur/index.html (+1ms) 
22:12:37   ├─ /cards/body-slam/index.html (+1ms) 
22:12:37   ├─ /cards/bodyguard/index.html (+1ms) 
22:12:37   ├─ /cards/bolas/index.html (+1ms) 
22:12:37   ├─ /cards/bombardment/index.html (+1ms) 
22:12:37   ├─ /cards/bone-shards/index.html (+1ms) 
22:12:37   ├─ /cards/boost-away/index.html (+1ms) 
22:12:37   ├─ /cards/boot-sequence/index.html (+1ms) 
22:12:37   ├─ /cards/borrowed-time/index.html (+1ms) 
22:12:37   ├─ /cards/bouncing-flask/index.html (+1ms) 
22:12:37   ├─ /cards/brand/index.html (+1ms) 
22:12:37   ├─ /cards/break/index.html (+1ms) 
22:12:37   ├─ /cards/breakthrough/index.html (+1ms) 
22:12:37   ├─ /cards/brightest-flame/index.html (+1ms) 
22:12:37   ├─ /cards/bubble-bubble/index.html (+1ms) 
22:12:37   ├─ /cards/buffer/index.html (+1ms) 
22:12:37   ├─ /cards/bulk-up/index.html (+1ms) 
22:12:37   ├─ /cards/bullet-time/index.html (+1ms) 
22:12:37   ├─ /cards/bully/index.html (+1ms) 
22:12:37   ├─ /cards/bulwark/index.html (+1ms) 
22:12:37   ├─ /cards/bundle-of-joy/index.html (+1ms) 
22:12:37   ├─ /cards/burn/index.html (+1ms) 
22:12:37   ├─ /cards/burning-pact/index.html (+1ms) 
22:12:37   ├─ /cards/burst/index.html (+1ms) 
22:12:37   ├─ /cards/bury/index.html (+1ms) 
22:12:37   ├─ /cards/byrd-swoop/index.html (+1ms) 
22:12:37   ├─ /cards/byrdonis-egg/index.html (+1ms) 
22:12:37   ├─ /cards/calamity/index.html (+1ms) 
22:12:37   ├─ /cards/calcify/index.html (+1ms) 
22:12:37   ├─ /cards/calculated-gamble/index.html (+1ms) 
22:12:37   ├─ /cards/call-of-the-void/index.html (+1ms) 
22:12:37   ├─ /cards/caltrops/index.html (+1ms) 
22:12:37   ├─ /cards/capacitor/index.html (+1ms) 
22:12:37   ├─ /cards/capture-spirit/index.html (+1ms) 
22:12:37   ├─ /cards/cascade/index.html (+1ms) 
22:12:37   ├─ /cards/catastrophe/index.html (+1ms) 
22:12:37   ├─ /cards/celestial-might/index.html (+1ms) 
22:12:37   ├─ /cards/chaos/index.html (+1ms) 
22:12:37   ├─ /cards/charge/index.html (+1ms) 
22:12:37   ├─ /cards/charge-battery/index.html (+1ms) 
22:12:37   ├─ /cards/child-of-the-stars/index.html (+1ms) 
22:12:37   ├─ /cards/chill/index.html (+1ms) 
22:12:37   ├─ /cards/cinder/index.html (+1ms) 
22:12:37   ├─ /cards/clash/index.html (+1ms) 
22:12:37   ├─ /cards/claw/index.html (+1ms) 
22:12:37   ├─ /cards/cleanse/index.html (+1ms) 
22:12:37   ├─ /cards/cloak-and-dagger/index.html (+1ms) 
22:12:37   ├─ /cards/cloak-of-stars/index.html (+1ms) 
22:12:37   ├─ /cards/clumsy/index.html (+1ms) 
22:12:37   ├─ /cards/cold-snap/index.html (+1ms) 
22:12:37   ├─ /cards/collision-course/index.html (+1ms) 
22:12:37   ├─ /cards/colossus/index.html (+1ms) 
22:12:37   ├─ /cards/comet/index.html (+1ms) 
22:12:37   ├─ /cards/compact/index.html (+1ms) 
22:12:37   ├─ /cards/compile-driver/index.html (+1ms) 
22:12:37   ├─ /cards/conflagration/index.html (+1ms) 
22:12:37   ├─ /cards/conqueror/index.html (+1ms) 
22:12:37   ├─ /cards/consuming-shadow/index.html (+1ms) 
22:12:37   ├─ /cards/convergence/index.html (+1ms) 
22:12:37   ├─ /cards/coolant/index.html (+1ms) 
22:12:37   ├─ /cards/coolheaded/index.html (+1ms) 
22:12:37   ├─ /cards/coordinate/index.html (+1ms) 
22:12:37   ├─ /cards/corrosive-wave/index.html (+1ms) 
22:12:37   ├─ /cards/corruption/index.html (+1ms) 
22:12:37   ├─ /cards/cosmic-indifference/index.html (+1ms) 
22:12:37   ├─ /cards/countdown/index.html (+1ms) 
22:12:37   ├─ /cards/crash-landing/index.html (+1ms) 
22:12:37   ├─ /cards/creative-ai/index.html (+1ms) 
22:12:37   ├─ /cards/crescent-spear/index.html (+1ms) 
22:12:37   ├─ /cards/crimson-mantle/index.html (+1ms) 
22:12:37   ├─ /cards/cruelty/index.html (+1ms) 
22:12:37   ├─ /cards/crush-under/index.html (+1ms) 
22:12:37   ├─ /cards/curse-of-the-bell/index.html (+1ms) 
22:12:37   ├─ /cards/dagger-spray/index.html (+1ms) 
22:12:37   ├─ /cards/dagger-throw/index.html (+1ms) 
22:12:37   ├─ /cards/danse-macabre/index.html (+1ms) 
22:12:37   ├─ /cards/dark-embrace/index.html (+1ms) 
22:12:37   ├─ /cards/dark-shackles/index.html (+1ms) 
22:12:37   ├─ /cards/darkness/index.html (+1ms) 
22:12:37   ├─ /cards/dash/index.html (+1ms) 
22:12:37   ├─ /cards/dazed/index.html (+1ms) 
22:12:37   ├─ /cards/deadly-poison/index.html (+1ms) 
22:12:37   ├─ /cards/death-march/index.html (+1ms) 
22:12:37   ├─ /cards/death-s-door/index.html (+1ms) 
22:12:37   ├─ /cards/deathbringer/index.html (+1ms) 
22:12:37   ├─ /cards/debilitate/index.html (+1ms) 
22:12:37   ├─ /cards/debris/index.html (+1ms) 
22:12:37   ├─ /cards/debt/index.html (+1ms) 
22:12:37   ├─ /cards/decay/index.html (+1ms) 
22:12:37   ├─ /cards/decisions-decisions/index.html (+1ms) 
22:12:37   ├─ /cards/defend/index.html (+1ms) 
22:12:37   ├─ /cards/defend-ironclad/index.html (+1ms) 
22:12:37   ├─ /cards/defend-necrobinder/index.html (+1ms) 
22:12:37   ├─ /cards/defend-regent/index.html (+1ms) 
22:12:37   ├─ /cards/defend-silent/index.html (+1ms) 
22:12:37   ├─ /cards/defile/index.html (+1ms) 
22:12:37   ├─ /cards/deflect/index.html (+1ms) 
22:12:37   ├─ /cards/defragment/index.html (+1ms) 
22:12:37   ├─ /cards/defy/index.html (+1ms) 
22:12:37   ├─ /cards/delay/index.html (+1ms) 
22:12:37   ├─ /cards/demesne/index.html (+1ms) 
22:12:37   ├─ /cards/demon-form/index.html (+1ms) 
22:12:37   ├─ /cards/demonic-shield/index.html (+1ms) 
22:12:37   ├─ /cards/deprecated-card/index.html (+1ms) 
22:12:37   ├─ /cards/devastate/index.html (+1ms) 
22:12:37   ├─ /cards/devour-life/index.html (+1ms) 
22:12:37   ├─ /cards/dirge/index.html (+1ms) 
22:12:37   ├─ /cards/discovery/index.html (+1ms) 
22:12:37   ├─ /cards/disintegration/index.html (+1ms) 
22:12:37   ├─ /cards/dismantle/index.html (+1ms) 
22:12:37   ├─ /cards/distraction/index.html (+1ms) 
22:12:37   ├─ /cards/dodge-and-roll/index.html (+1ms) 
22:12:37   ├─ /cards/dominate/index.html (+1ms) 
22:12:37   ├─ /cards/double-energy/index.html (+1ms) 
22:12:37   ├─ /cards/doubt/index.html (+1ms) 
22:12:37   ├─ /cards/drain-power/index.html (+1ms) 
22:12:37   ├─ /cards/dramatic-entrance/index.html (+1ms) 
22:12:37   ├─ /cards/dredge/index.html (+1ms) 
22:12:37   ├─ /cards/drum-of-battle/index.html (+1ms) 
22:12:37   ├─ /cards/dual-wield/index.html (+1ms) 
22:12:37   ├─ /cards/dualcast/index.html (+1ms) 
22:12:37   ├─ /cards/dying-star/index.html (+1ms) 
22:12:37   ├─ /cards/echo-form/index.html (+1ms) 
22:12:37   ├─ /cards/echoing-slash/index.html (+1ms) 
22:12:37   ├─ /cards/eidolon/index.html (+1ms) 
22:12:37   ├─ /cards/end-of-days/index.html (+1ms) 
22:12:37   ├─ /cards/energy-surge/index.html (+1ms) 
22:12:37   ├─ /cards/enfeebling-touch/index.html (+1ms) 
22:12:37   ├─ /cards/enlightenment/index.html (+1ms) 
22:12:37   ├─ /cards/enthralled/index.html (+1ms) 
22:12:37   ├─ /cards/entrench/index.html (+1ms) 
22:12:37   ├─ /cards/entropy/index.html (+1ms) 
22:12:37   ├─ /cards/envenom/index.html (+1ms) 
22:12:37   ├─ /cards/equilibrium/index.html (+1ms) 
22:12:37   ├─ /cards/eradicate/index.html (+1ms) 
22:12:37   ├─ /cards/escape-plan/index.html (+1ms) 
22:12:37   ├─ /cards/eternal-armor/index.html (+1ms) 
22:12:37   ├─ /cards/evil-eye/index.html (+1ms) 
22:12:37   ├─ /cards/expect-a-fight/index.html (+1ms) 
22:12:37   ├─ /cards/expertise/index.html (+1ms) 
22:12:37   ├─ /cards/expose/index.html (+1ms) 
22:12:37   ├─ /cards/exterminate/index.html (+1ms) 
22:12:37   ├─ /cards/falling-star/index.html (+1ms) 
22:12:37   ├─ /cards/fan-of-knives/index.html (+1ms) 
22:12:37   ├─ /cards/fasten/index.html (+1ms) 
22:12:37   ├─ /cards/fear/index.html (+1ms) 
22:12:37   ├─ /cards/feed/index.html (+1ms) 
22:12:37   ├─ /cards/feeding-frenzy/index.html (+1ms) 
22:12:37   ├─ /cards/feel-no-pain/index.html (+1ms) 
22:12:37   ├─ /cards/feral/index.html (+1ms) 
22:12:37   ├─ /cards/fetch/index.html (+1ms) 
22:12:37   ├─ /cards/fiend-fire/index.html (+1ms) 
22:12:37   ├─ /cards/fight-me/index.html (+1ms) 
22:12:37   ├─ /cards/fight-through/index.html (+1ms) 
22:12:37   ├─ /cards/finesse/index.html (+1ms) 
22:12:37   ├─ /cards/finisher/index.html (+1ms) 
22:12:37   ├─ /cards/fisticuffs/index.html (+1ms) 
22:12:37   ├─ /cards/flak-cannon/index.html (+1ms) 
22:12:37   ├─ /cards/flame-barrier/index.html (+1ms) 
22:12:37   ├─ /cards/flanking/index.html (+1ms) 
22:12:37   ├─ /cards/flash-of-steel/index.html (+1ms) 
22:12:37   ├─ /cards/flatten/index.html (+1ms) 
22:12:37   ├─ /cards/flechettes/index.html (+1ms) 
22:12:37   ├─ /cards/flick-flack/index.html (+1ms) 
22:12:37   ├─ /cards/focused-strike/index.html (+1ms) 
22:12:37   ├─ /cards/follow-through/index.html (+1ms) 
22:12:37   ├─ /cards/folly/index.html (+1ms) 
22:12:37   ├─ /cards/footwork/index.html (+1ms) 
22:12:37   ├─ /cards/forbidden-grimoire/index.html (+1ms) 
22:12:37   ├─ /cards/foregone-conclusion/index.html (+1ms) 
22:12:37   ├─ /cards/forgotten-ritual/index.html (+1ms) 
22:12:37   ├─ /cards/frantic-escape/index.html (+1ms) 
22:12:37   ├─ /cards/friendship/index.html (+1ms) 
22:12:37   ├─ /cards/ftl/index.html (+1ms) 
22:12:37   ├─ /cards/fuel/index.html (+1ms) 
22:12:37   ├─ /cards/furnace/index.html (+1ms) 
22:12:37   ├─ /cards/fusion/index.html (+1ms) 
22:12:37   ├─ /cards/gamma-blast/index.html (+1ms) 
22:12:37   ├─ /cards/gang-up/index.html (+1ms) 
22:12:37   ├─ /cards/gather-light/index.html (+1ms) 
22:12:37   ├─ /cards/genesis/index.html (+1ms) 
22:12:37   ├─ /cards/genetic-algorithm/index.html (+1ms) 
22:12:37   ├─ /cards/giant-rock/index.html (+1ms) 
22:12:37   ├─ /cards/glacier/index.html (+1ms) 
22:12:37   ├─ /cards/glasswork/index.html (+1ms) 
22:12:37   ├─ /cards/glimmer/index.html (+1ms) 
22:12:37   ├─ /cards/glimpse-beyond/index.html (+1ms) 
22:12:37   ├─ /cards/glitterstream/index.html (+1ms) 
22:12:37   ├─ /cards/glow/index.html (+1ms) 
22:12:37   ├─ /cards/go-for-the-eyes/index.html (+1ms) 
22:12:37   ├─ /cards/gold-axe/index.html (+1ms) 
22:12:37   ├─ /cards/grand-finale/index.html (+1ms) 
22:12:37   ├─ /cards/grapple/index.html (+1ms) 
22:12:37   ├─ /cards/grave-warden/index.html (+1ms) 
22:12:37   ├─ /cards/graveblast/index.html (+1ms) 
22:12:37   ├─ /cards/greed/index.html (+1ms) 
22:12:37   ├─ /cards/guards/index.html (+1ms) 
22:12:37   ├─ /cards/guiding-star/index.html (+1ms) 
22:12:37   ├─ /cards/guilty/index.html (+1ms) 
22:12:37   ├─ /cards/gunk-up/index.html (+1ms) 
22:12:37   ├─ /cards/hailstorm/index.html (+1ms) 
22:12:37   ├─ /cards/hammer-time/index.html (+1ms) 
22:12:37   ├─ /cards/hand-of-greed/index.html (+1ms) 
22:12:37   ├─ /cards/hand-trick/index.html (+1ms) 
22:12:37   ├─ /cards/hang/index.html (+1ms) 
22:12:37   ├─ /cards/haunt/index.html (+1ms) 
22:12:37   ├─ /cards/havoc/index.html (+1ms) 
22:12:37   ├─ /cards/haze/index.html (+1ms) 
22:12:37   ├─ /cards/headbutt/index.html (+1ms) 
22:12:37   ├─ /cards/heavenly-drill/index.html (+1ms) 
22:12:37   ├─ /cards/hegemony/index.html (+1ms) 
22:12:37   ├─ /cards/heirloom-hammer/index.html (+1ms) 
22:12:37   ├─ /cards/helix-drill/index.html (+1ms) 
22:12:37   ├─ /cards/hello-world/index.html (+1ms) 
22:12:37   ├─ /cards/hellraiser/index.html (+1ms) 
22:12:37   ├─ /cards/hemokinesis/index.html (+1ms) 
22:12:37   ├─ /cards/hidden-cache/index.html (+1ms) 
22:12:37   ├─ /cards/hidden-daggers/index.html (+1ms) 
22:12:37   ├─ /cards/hidden-gem/index.html (+1ms) 
22:12:37   ├─ /cards/high-five/index.html (+1ms) 
22:12:37   ├─ /cards/hologram/index.html (+1ms) 
22:12:37   ├─ /cards/hotfix/index.html (+1ms) 
22:12:37   ├─ /cards/howl-from-beyond/index.html (+1ms) 
22:12:37   ├─ /cards/huddle-up/index.html (+1ms) 
22:12:37   ├─ /cards/hyperbeam/index.html (+1ms) 
22:12:37   ├─ /cards/i-am-invincible/index.html (+1ms) 
22:12:37   ├─ /cards/ice-lance/index.html (+1ms) 
22:12:37   ├─ /cards/ignition/index.html (+1ms) 
22:12:37   ├─ /cards/impatience/index.html (+1ms) 
22:12:37   ├─ /cards/impervious/index.html (+1ms) 
22:12:37   ├─ /cards/infection/index.html (+1ms) 
22:12:37   ├─ /cards/infernal-blade/index.html (+1ms) 
22:12:37   ├─ /cards/inferno/index.html (+1ms) 
22:12:37   ├─ /cards/infinite-blades/index.html (+1ms) 
22:12:37   ├─ /cards/inflame/index.html (+1ms) 
22:12:37   ├─ /cards/injury/index.html (+1ms) 
22:12:37   ├─ /cards/intercept/index.html (+1ms) 
22:12:37   ├─ /cards/invoke/index.html (+1ms) 
22:12:37   ├─ /cards/iron-wave/index.html (+1ms) 
22:12:37   ├─ /cards/iteration/index.html (+1ms) 
22:12:37   ├─ /cards/jack-of-all-trades/index.html (+1ms) 
22:12:37   ├─ /cards/jackpot/index.html (+1ms) 
22:12:37   ├─ /cards/juggernaut/index.html (+1ms) 
22:12:37   ├─ /cards/juggling/index.html (+1ms) 
22:12:37   ├─ /cards/kingly-kick/index.html (+1ms) 
22:12:37   ├─ /cards/kingly-punch/index.html (+1ms) 
22:12:37   ├─ /cards/knife-trap/index.html (+1ms) 
22:12:37   ├─ /cards/knockdown/index.html (+1ms) 
22:12:37   ├─ /cards/knockout-blow/index.html (+1ms) 
22:12:37   ├─ /cards/know-thy-place/index.html (+1ms) 
22:12:37   ├─ /cards/lantern-key/index.html (+1ms) 
22:12:37   ├─ /cards/largesse/index.html (+1ms) 
22:12:37   ├─ /cards/leading-strike/index.html (+1ms) 
22:12:37   ├─ /cards/leap/index.html (+1ms) 
22:12:37   ├─ /cards/leg-sweep/index.html (+1ms) 
22:12:37   ├─ /cards/legion-of-bone/index.html (+1ms) 
22:12:37   ├─ /cards/lethality/index.html (+1ms) 
22:12:37   ├─ /cards/lift/index.html (+1ms) 
22:12:37   ├─ /cards/lightning-rod/index.html (+1ms) 
22:12:37   ├─ /cards/loop/index.html (+1ms) 
22:12:37   ├─ /cards/luminesce/index.html (+1ms) 
22:12:37   ├─ /cards/lunar-blast/index.html (+1ms) 
22:12:37   ├─ /cards/machine-learning/index.html (+1ms) 
22:12:37   ├─ /cards/make-it-so/index.html (+1ms) 
22:12:37   ├─ /cards/malaise/index.html (+1ms) 
22:12:37   ├─ /cards/mangle/index.html (+1ms) 
22:12:37   ├─ /cards/manifest-authority/index.html (+1ms) 
22:12:37   ├─ /cards/master-of-strategy/index.html (+1ms) 
22:12:37   ├─ /cards/master-planner/index.html (+1ms) 
22:12:37   ├─ /cards/maul/index.html (+1ms) 
22:12:37   ├─ /cards/mayhem/index.html (+1ms) 
22:12:37   ├─ /cards/melancholy/index.html (+1ms) 
22:12:37   ├─ /cards/memento-mori/index.html (+1ms) 
22:12:37   ├─ /cards/metamorphosis/index.html (+1ms) 
22:12:37   ├─ /cards/meteor-shower/index.html (+1ms) 
22:12:37   ├─ /cards/meteor-strike/index.html (+1ms) 
22:12:37   ├─ /cards/mimic/index.html (+1ms) 
22:12:37   ├─ /cards/mind-blast/index.html (+1ms) 
22:12:37   ├─ /cards/mind-rot/index.html (+1ms) 
22:12:37   ├─ /cards/minion-dive-bomb/index.html (+1ms) 
22:12:37   ├─ /cards/minion-sacrifice/index.html (+1ms) 
22:12:37   ├─ /cards/minion-strike/index.html (+1ms) 
22:12:37   ├─ /cards/mirage/index.html (+1ms) 
22:12:37   ├─ /cards/misery/index.html (+1ms) 
22:12:37   ├─ /cards/modded/index.html (+1ms) 
22:12:37   ├─ /cards/molten-fist/index.html (+1ms) 
22:12:37   ├─ /cards/momentum-strike/index.html (+1ms) 
22:12:37   ├─ /cards/monarch-s-gaze/index.html (+1ms) 
22:12:37   ├─ /cards/monologue/index.html (+1ms) 
22:12:37   ├─ /cards/multi-cast/index.html (+1ms) 
22:12:37   ├─ /cards/murder/index.html (+1ms) 
22:12:37   ├─ /cards/necro-mastery/index.html (+1ms) 
22:12:37   ├─ /cards/negative-pulse/index.html (+1ms) 
22:12:37   ├─ /cards/neow-s-fury/index.html (+1ms) 
22:12:37   ├─ /cards/neurosurge/index.html (+1ms) 
22:12:37   ├─ /cards/neutralize/index.html (+1ms) 
22:12:37   ├─ /cards/neutron-aegis/index.html (+1ms) 
22:12:37   ├─ /cards/nightmare/index.html (+1ms) 
22:12:37   ├─ /cards/no-escape/index.html (+1ms) 
22:12:37   ├─ /cards/normality/index.html (+1ms) 
22:12:37   ├─ /cards/nostalgia/index.html (+1ms) 
22:12:37   ├─ /cards/noxious-fumes/index.html (+1ms) 
22:12:37   ├─ /cards/null/index.html (+1ms) 
22:12:37   ├─ /cards/oblivion/index.html (+1ms) 
22:12:37   ├─ /cards/offering/index.html (+1ms) 
22:12:37   ├─ /cards/omnislice/index.html (+1ms) 
22:12:37   ├─ /cards/one-two-punch/index.html (+1ms) 
22:12:37   ├─ /cards/orbit/index.html (+1ms) 
22:12:37   ├─ /cards/outbreak/index.html (+1ms) 
22:12:37   ├─ /cards/outmaneuver/index.html (+1ms) 
22:12:37   ├─ /cards/overclock/index.html (+1ms) 
22:12:37   ├─ /cards/pact-s-end/index.html (+1ms) 
22:12:37   ├─ /cards/pagestorm/index.html (+1ms) 
22:12:37   ├─ /cards/pale-blue-dot/index.html (+1ms) 
22:12:37   ├─ /cards/panache/index.html (+1ms) 
22:12:37   ├─ /cards/panic-button/index.html (+1ms) 
22:12:37   ├─ /cards/parry/index.html (+1ms) 
22:12:37   ├─ /cards/parse/index.html (+1ms) 
22:12:37   ├─ /cards/particle-wall/index.html (+1ms) 
22:12:37   ├─ /cards/patter/index.html (+1ms) 
22:12:37   ├─ /cards/peck/index.html (+1ms) 
22:12:37   ├─ /cards/perfected-strike/index.html (+1ms) 
22:12:37   ├─ /cards/phantom-blades/index.html (+1ms) 
22:12:37   ├─ /cards/photon-cut/index.html (+1ms) 
22:12:37   ├─ /cards/piercing-wail/index.html (+1ms) 
22:12:37   ├─ /cards/pillage/index.html (+1ms) 
22:12:37   ├─ /cards/pillar-of-creation/index.html (+1ms) 
22:12:37   ├─ /cards/pinpoint/index.html (+1ms) 
22:12:37   ├─ /cards/poisoned-stab/index.html (+1ms) 
22:12:37   ├─ /cards/poke/index.html (+1ms) 
22:12:37   ├─ /cards/pommel-strike/index.html (+1ms) 
22:12:37   ├─ /cards/poor-sleep/index.html (+1ms) 
22:12:37   ├─ /cards/pounce/index.html (+1ms) 
22:12:37   ├─ /cards/precise-cut/index.html (+1ms) 
22:12:37   ├─ /cards/predator/index.html (+1ms) 
22:12:37   ├─ /cards/prep-time/index.html (+1ms) 
22:12:37   ├─ /cards/prepared/index.html (+1ms) 
22:12:37   ├─ /cards/primal-force/index.html (+1ms) 
22:12:37   ├─ /cards/production/index.html (+1ms) 
22:12:37   ├─ /cards/prolong/index.html (+1ms) 
22:12:37   ├─ /cards/prophesize/index.html (+1ms) 
22:12:37   ├─ /cards/protector/index.html (+1ms) 
22:12:37   ├─ /cards/prowess/index.html (+1ms) 
22:12:37   ├─ /cards/pull-aggro/index.html (+1ms) 
22:12:37   ├─ /cards/pull-from-below/index.html (+1ms) 
22:12:37   ├─ /cards/purity/index.html (+1ms) 
22:12:37   ├─ /cards/putrefy/index.html (+1ms) 
22:12:37   ├─ /cards/pyre/index.html (+1ms) 
22:12:37   ├─ /cards/quadcast/index.html (+1ms) 
22:12:37   ├─ /cards/quasar/index.html (+1ms) 
22:12:37   ├─ /cards/radiate/index.html (+1ms) 
22:12:37   ├─ /cards/rage/index.html (+1ms) 
22:12:37   ├─ /cards/rainbow/index.html (+1ms) 
22:12:37   ├─ /cards/rally/index.html (+1ms) 
22:12:37   ├─ /cards/rampage/index.html (+1ms) 
22:12:37   ├─ /cards/rattle/index.html (+1ms) 
22:12:37   ├─ /cards/reanimate/index.html (+1ms) 
22:12:37   ├─ /cards/reap/index.html (+1ms) 
22:12:37   ├─ /cards/reaper-form/index.html (+1ms) 
22:12:37   ├─ /cards/reave/index.html (+1ms) 
22:12:37   ├─ /cards/reboot/index.html (+1ms) 
22:12:37   ├─ /cards/rebound/index.html (+1ms) 
22:12:37   ├─ /cards/refine-blade/index.html (+1ms) 
22:12:37   ├─ /cards/reflect/index.html (+1ms) 
22:12:37   ├─ /cards/reflex/index.html (+1ms) 
22:12:37   ├─ /cards/refract/index.html (+1ms) 
22:12:37   ├─ /cards/regret/index.html (+1ms) 
22:12:37   ├─ /cards/relax/index.html (+1ms) 
22:12:37   ├─ /cards/rend/index.html (+1ms) 
22:12:37   ├─ /cards/resonance/index.html (+1ms) 
22:12:37   ├─ /cards/restlessness/index.html (+1ms) 
22:12:37   ├─ /cards/ricochet/index.html (+1ms) 
22:12:37   ├─ /cards/right-hand-hand/index.html (+1ms) 
22:12:37   ├─ /cards/rip-and-tear/index.html (+1ms) 
22:12:37   ├─ /cards/rocket-punch/index.html (+1ms) 
22:12:37   ├─ /cards/rolling-boulder/index.html (+1ms) 
22:12:37   ├─ /cards/royal-gamble/index.html (+1ms) 
22:12:37   ├─ /cards/royalties/index.html (+1ms) 
22:12:37   ├─ /cards/rupture/index.html (+1ms) 
22:12:37   ├─ /cards/sacrifice/index.html (+1ms) 
22:12:37   ├─ /cards/salvo/index.html (+1ms) 
22:12:37   ├─ /cards/scavenge/index.html (+1ms) 
22:12:37   ├─ /cards/scourge/index.html (+1ms) 
22:12:37   ├─ /cards/scrape/index.html (+1ms) 
22:12:37   ├─ /cards/scrawl/index.html (+1ms) 
22:12:37   ├─ /cards/sculpting-strike/index.html (+1ms) 
22:12:37   ├─ /cards/seance/index.html (+1ms) 
22:12:37   ├─ /cards/second-wind/index.html (+1ms) 
22:12:37   ├─ /cards/secret-technique/index.html (+1ms) 
22:12:37   ├─ /cards/secret-weapon/index.html (+1ms) 
22:12:37   ├─ /cards/seeker-strike/index.html (+1ms) 
22:12:37   ├─ /cards/seeking-edge/index.html (+1ms) 
22:12:37   ├─ /cards/sentry-mode/index.html (+1ms) 
22:12:37   ├─ /cards/serpent-form/index.html (+1ms) 
22:12:37   ├─ /cards/setup-strike/index.html (+1ms) 
22:12:37   ├─ /cards/seven-stars/index.html (+1ms) 
22:12:37   ├─ /cards/severance/index.html (+1ms) 
22:12:37   ├─ /cards/shadow-shield/index.html (+1ms) 
22:12:37   ├─ /cards/shadow-step/index.html (+1ms) 
22:12:37   ├─ /cards/shadowmeld/index.html (+1ms) 
22:12:37   ├─ /cards/shame/index.html (+1ms) 
22:12:37   ├─ /cards/shared-fate/index.html (+1ms) 
22:12:37   ├─ /cards/shatter/index.html (+1ms) 
22:12:37   ├─ /cards/shining-strike/index.html (+1ms) 
22:12:37   ├─ /cards/shiv/index.html (+1ms) 
22:12:37   ├─ /cards/shockwave/index.html (+1ms) 
22:12:37   ├─ /cards/shroud/index.html (+1ms) 
22:12:37   ├─ /cards/shrug-it-off/index.html (+1ms) 
22:12:37   ├─ /cards/sic-em/index.html (+1ms) 
22:12:37   ├─ /cards/signal-boost/index.html (+1ms) 
22:12:37   ├─ /cards/skewer/index.html (+1ms) 
22:12:37   ├─ /cards/skim/index.html (+1ms) 
22:12:37   ├─ /cards/sleight-of-flesh/index.html (+1ms) 
22:12:37   ├─ /cards/slice/index.html (+1ms) 
22:12:37   ├─ /cards/slimed/index.html (+1ms) 
22:12:37   ├─ /cards/sloth/index.html (+1ms) 
22:12:37   ├─ /cards/smokestack/index.html (+1ms) 
22:12:37   ├─ /cards/snakebite/index.html (+1ms) 
22:12:37   ├─ /cards/snap/index.html (+1ms) 
22:12:37   ├─ /cards/sneaky/index.html (+1ms) 
22:12:37   ├─ /cards/solar-strike/index.html (+1ms) 
22:12:37   ├─ /cards/soot/index.html (+1ms) 
22:12:37   ├─ /cards/soul/index.html (+1ms) 
22:12:37   ├─ /cards/soul-storm/index.html (+1ms) 
22:12:37   ├─ /cards/sovereign-blade/index.html (+1ms) 
22:12:37   ├─ /cards/sow/index.html (+1ms) 
22:12:37   ├─ /cards/spectrum-shift/index.html (+1ms) 
22:12:37   ├─ /cards/speedster/index.html (+1ms) 
22:12:37   ├─ /cards/spinner/index.html (+1ms) 
22:12:37   ├─ /cards/spirit-of-ash/index.html (+1ms) 
22:12:37   ├─ /cards/spite/index.html (+1ms) 
22:12:37   ├─ /cards/splash/index.html (+1ms) 
22:12:37   ├─ /cards/spoils-map/index.html (+1ms) 
22:12:37   ├─ /cards/spoils-of-battle/index.html (+1ms) 
22:12:37   ├─ /cards/spore-mind/index.html (+1ms) 
22:12:37   ├─ /cards/spur/index.html (+1ms) 
22:12:37   ├─ /cards/squash/index.html (+1ms) 
22:12:37   ├─ /cards/squeeze/index.html (+1ms) 
22:12:37   ├─ /cards/stack/index.html (+1ms) 
22:12:37   ├─ /cards/stampede/index.html (+1ms) 
22:12:37   ├─ /cards/stardust/index.html (+1ms) 
22:12:37   ├─ /cards/stoke/index.html (+1ms) 
22:12:37   ├─ /cards/stomp/index.html (+1ms) 
22:12:37   ├─ /cards/stone-armor/index.html (+1ms) 
22:12:37   ├─ /cards/storm/index.html (+1ms) 
22:12:37   ├─ /cards/storm-of-steel/index.html (+1ms) 
22:12:37   ├─ /cards/strangle/index.html (+1ms) 
22:12:37   ├─ /cards/stratagem/index.html (+1ms) 
22:12:37   ├─ /cards/strike/index.html (+1ms) 
22:12:37   ├─ /cards/strike-ironclad/index.html (+1ms) 
22:12:37   ├─ /cards/strike-necrobinder/index.html (+1ms) 
22:12:37   ├─ /cards/strike-regent/index.html (+1ms) 
22:12:37   ├─ /cards/strike-silent/index.html (+1ms) 
22:12:37   ├─ /cards/subroutine/index.html (+1ms) 
22:12:37   ├─ /cards/sucker-punch/index.html (+1ms) 
22:12:37   ├─ /cards/summon-forth/index.html (+1ms) 
22:12:37   ├─ /cards/sunder/index.html (+1ms) 
22:12:37   ├─ /cards/supercritical/index.html (+1ms) 
22:12:37   ├─ /cards/supermassive/index.html (+1ms) 
22:12:37   ├─ /cards/suppress/index.html (+1ms) 
22:12:37   ├─ /cards/survivor/index.html (+1ms) 
22:12:37   ├─ /cards/sweeping-beam/index.html (+1ms) 
22:12:37   ├─ /cards/sweeping-gaze/index.html (+1ms) 
22:12:37   ├─ /cards/sword-boomerang/index.html (+1ms) 
22:12:37   ├─ /cards/sword-sage/index.html (+1ms) 
22:12:37   ├─ /cards/synchronize/index.html (+1ms) 
22:12:37   ├─ /cards/synthesis/index.html (+1ms) 
22:12:37   ├─ /cards/tactician/index.html (+1ms) 
22:12:37   ├─ /cards/tag-team/index.html (+1ms) 
22:12:37   ├─ /cards/tank/index.html (+1ms) 
22:12:37   ├─ /cards/taunt/index.html (+1ms) 
22:12:37   ├─ /cards/tear-asunder/index.html (+1ms) 
22:12:37   ├─ /cards/tempest/index.html (+1ms) 
22:12:37   ├─ /cards/terraforming/index.html (+1ms) 
22:12:37   ├─ /cards/tesla-coil/index.html (+1ms) 
22:12:37   ├─ /cards/the-bomb/index.html (+1ms) 
22:12:37   ├─ /cards/the-gambit/index.html (+1ms) 
22:12:37   ├─ /cards/the-hunt/index.html (+1ms) 
22:12:37   ├─ /cards/the-scythe/index.html (+1ms) 
22:12:37   ├─ /cards/the-sealed-throne/index.html (+1ms) 
22:12:37   ├─ /cards/the-smith/index.html (+1ms) 
22:12:37   ├─ /cards/thinking-ahead/index.html (+1ms) 
22:12:37   ├─ /cards/thrash/index.html (+1ms) 
22:12:37   ├─ /cards/thrumming-hatchet/index.html (+1ms) 
22:12:37   ├─ /cards/thunder/index.html (+1ms) 
22:12:37   ├─ /cards/thunderclap/index.html (+1ms) 
22:12:37   ├─ /cards/time-s-up/index.html (+1ms) 
22:12:37   ├─ /cards/tools-of-the-trade/index.html (+1ms) 
22:12:37   ├─ /cards/toric-toughness/index.html (+1ms) 
22:12:37   ├─ /cards/toxic/index.html (+1ms) 
22:12:37   ├─ /cards/tracking/index.html (+1ms) 
22:12:37   ├─ /cards/transfigure/index.html (+1ms) 
22:12:37   ├─ /cards/trash-to-treasure/index.html (+1ms) 
22:12:37   ├─ /cards/tremble/index.html (+1ms) 
22:12:37   ├─ /cards/true-grit/index.html (+1ms) 
22:12:37   ├─ /cards/turbo/index.html (+1ms) 
22:12:37   ├─ /cards/twin-strike/index.html (+1ms) 
22:12:37   ├─ /cards/tyranny/index.html (+1ms) 
22:12:37   ├─ /cards/ultimate-defend/index.html (+1ms) 
22:12:37   ├─ /cards/ultimate-strike/index.html (+1ms) 
22:12:37   ├─ /cards/undeath/index.html (+1ms) 
22:12:37   ├─ /cards/unleash/index.html (+1ms) 
22:12:37   ├─ /cards/unmovable/index.html (+1ms) 
22:12:37   ├─ /cards/unrelenting/index.html (+1ms) 
22:12:37   ├─ /cards/untouchable/index.html (+1ms) 
22:12:37   ├─ /cards/up-my-sleeve/index.html (+1ms) 
22:12:37   ├─ /cards/uppercut/index.html (+1ms) 
22:12:37   ├─ /cards/uproar/index.html (+1ms) 
22:12:37   ├─ /cards/veilpiercer/index.html (+1ms) 
22:12:37   ├─ /cards/venerate/index.html (+1ms) 
22:12:37   ├─ /cards/vicious/index.html (+1ms) 
22:12:37   ├─ /cards/void/index.html (+1ms) 
22:12:37   ├─ /cards/void-form/index.html (+1ms) 
22:12:37   ├─ /cards/volley/index.html (+1ms) 
22:12:37   ├─ /cards/voltaic/index.html (+1ms) 
22:12:37   ├─ /cards/waste-away/index.html (+1ms) 
22:12:37   ├─ /cards/well-laid-plans/index.html (+1ms) 
22:12:37   ├─ /cards/whirlwind/index.html (+1ms) 
22:12:37   ├─ /cards/whistle/index.html (+1ms) 
22:12:37   ├─ /cards/white-noise/index.html (+1ms) 
22:12:37   ├─ /cards/wish/index.html (+1ms) 
22:12:37   ├─ /cards/wisp/index.html (+1ms) 
22:12:37   ├─ /cards/wound/index.html (+1ms) 
22:12:37   ├─ /cards/wraith-form/index.html (+1ms) 
22:12:37   ├─ /cards/writhe/index.html (+1ms) 
22:12:37   ├─ /cards/wrought-in-war/index.html (+1ms) 
22:12:37   ├─ /cards/zap/index.html (+1ms) 
22:12:37   ├─ /characters/index.html (+1ms) 
22:12:37   ├─ /characters/defect/index.html (+5ms) 
22:12:37   ├─ /characters/ironclad/index.html (+5ms) 
22:12:37   ├─ /characters/necrobinder/index.html (+5ms) 
22:12:37   ├─ /characters/regent/index.html (+5ms) 
22:12:37   ├─ /characters/silent/index.html (+5ms) 
22:12:37   ├─ /enchantments/index.html (+2ms) 
22:12:37   ├─ /enchantments/adroit/index.html (+2ms) 
22:12:37   ├─ /enchantments/clone/index.html (+2ms) 
22:12:37   ├─ /enchantments/corrupted/index.html (+2ms) 
22:12:37   ├─ /enchantments/glam/index.html (+2ms) 
22:12:37   ├─ /enchantments/goopy/index.html (+2ms) 
22:12:37   ├─ /enchantments/imbued/index.html (+2ms) 
22:12:37   ├─ /enchantments/instinct/index.html (+1ms) 
22:12:37   ├─ /enchantments/momentum/index.html (+2ms) 
22:12:37   ├─ /enchantments/nimble/index.html (+2ms) 
22:12:37   ├─ /enchantments/perfect-fit/index.html (+2ms) 
22:12:37   ├─ /enchantments/royally-approved/index.html (+1ms) 
22:12:37   ├─ /enchantments/sharp/index.html (+2ms) 
22:12:37   ├─ /enchantments/slither/index.html (+2ms) 
22:12:37   ├─ /enchantments/slumbering-essence/index.html (+2ms) 
22:12:37   ├─ /enchantments/soul-s-power/index.html (+1ms) 
22:12:37   ├─ /enchantments/sown/index.html (+2ms) 
22:12:37   ├─ /enchantments/spiral/index.html (+1ms) 
22:12:37   ├─ /enchantments/steady/index.html (+2ms) 
22:12:37   ├─ /enchantments/swift/index.html (+1ms) 
22:12:37   ├─ /enchantments/tezcatara-s-ember/index.html (+2ms) 
22:12:37   ├─ /enchantments/vigorous/index.html (+1ms) 
22:12:37   ├─ /encounters/index.html (+4ms) 
22:12:37   ├─ /encounters/a-lone-globe-head/index.html (+2ms) 
22:12:37   ├─ /encounters/a-lone-nibbit/index.html (+2ms) 
22:12:37   ├─ /encounters/a-pair-of-nibbits/index.html (+2ms) 
22:12:37   ├─ /encounters/an-automaton-pair/index.html (+2ms) 
22:12:37   ├─ /encounters/battleworn-dummy/index.html (+2ms) 
22:12:37   ├─ /encounters/bot-buddies/index.html (+2ms) 
22:12:37   ├─ /encounters/bowlbug-swarm/index.html (+2ms) 
22:12:37   ├─ /encounters/bowlbugs/index.html (+2ms) 
22:12:37   ├─ /encounters/bygone-effigy/index.html (+2ms) 
22:12:37   ├─ /encounters/byrdonis/index.html (+2ms) 
22:12:37   ├─ /encounters/ceremonial-beast/index.html (+2ms) 
22:12:37   ├─ /encounters/construct-menagerie/index.html (+2ms) 
22:12:37   ├─ /encounters/corpse-slugs/index.html (+2ms) 
22:12:37   ├─ /encounters/cubex-construct/index.html (+2ms) 
22:12:37   ├─ /encounters/cultists/index.html (+2ms) 
22:12:37   ├─ /encounters/deprecated-encounter/index.html (+2ms) 
22:12:37   ├─ /encounters/devoted-sculptor/index.html (+2ms) 
22:12:37   ├─ /encounters/entomancer/index.html (+2ms) 
22:12:37   ├─ /encounters/evil-gas/index.html (+2ms) 
22:12:37   ├─ /encounters/exoskeletons/index.html (+2ms) 
22:12:37   ├─ /encounters/fabricator/index.html (+2ms) 
22:12:37   ├─ /encounters/fogmog/index.html (+2ms) 
22:12:37   ├─ /encounters/fossil-stalker/index.html (+2ms) 
22:12:37   ├─ /encounters/frog-knight/index.html (+2ms) 
22:12:37   ├─ /encounters/fuzzy-wurm-crawler/index.html (+2ms) 
22:12:37   ├─ /encounters/group-of-slimes/index.html (+2ms) 
22:12:37   ├─ /encounters/haunted-ship/index.html (+2ms) 
22:12:37   ├─ /encounters/hunter-killer/index.html (+2ms) 
22:12:37   ├─ /encounters/infested-prism/index.html (+2ms) 
22:12:37   ├─ /encounters/inklets/index.html (+2ms) 
22:12:37   ├─ /encounters/kaiser-crab/index.html (+2ms) 
22:12:37   ├─ /encounters/knight-gang/index.html (+2ms) 
22:12:37   ├─ /encounters/knowledge-demon/index.html (+2ms) 
22:12:37   ├─ /encounters/lagavulin-matriarch/index.html (+2ms) 
22:12:37   ├─ /encounters/lost-and-forgotten/index.html (+2ms) 
22:12:37   ├─ /encounters/louse-progenitor/index.html (+2ms) 
22:12:37   ├─ /encounters/many-corpse-slugs/index.html (+2ms) 
22:12:37   ├─ /encounters/many-exoskeletons/index.html (+2ms) 
22:12:37   ├─ /encounters/many-scrolls-of-biting/index.html (+2ms) 
22:12:37   ├─ /encounters/mass-of-mytes/index.html (+2ms) 
22:12:37   ├─ /encounters/mawler/index.html (+2ms) 
22:12:37   ├─ /encounters/mecha-knight/index.html (+2ms) 
22:12:37   ├─ /encounters/mysterious-knight/index.html (+2ms) 
22:12:37   ├─ /encounters/overgrowth-crawlers/index.html (+2ms) 
22:12:37   ├─ /encounters/overgrowth-flora/index.html (+2ms) 
22:12:37   ├─ /encounters/ovicopter/index.html (+2ms) 
22:12:37   ├─ /encounters/owl-magistrate/index.html (+2ms) 
22:12:37   ├─ /encounters/phantasmal-gardeners/index.html (+2ms) 
22:12:37   ├─ /encounters/phrog-parasite/index.html (+2ms) 
22:12:37   ├─ /encounters/punch-construct/index.html (+2ms) 
22:12:37   ├─ /encounters/punch-constructs/index.html (+2ms) 
22:12:37   ├─ /encounters/queen/index.html (+2ms) 
22:12:37   ├─ /encounters/ruby-raiders/index.html (+2ms) 
22:12:37   ├─ /encounters/scrolls-of-biting/index.html (+2ms) 
22:12:37   ├─ /encounters/seapunk/index.html (+2ms) 
22:12:37   ├─ /encounters/sewer-clam/index.html (+2ms) 
22:12:37   ├─ /encounters/shrinker-beetle/index.html (+2ms) 
22:12:37   ├─ /encounters/shroom-and-slime/index.html (+2ms) 
22:12:37   ├─ /encounters/skulking-colony/index.html (+2ms) 
22:12:37   ├─ /encounters/slimed-berserker/index.html (+2ms) 
22:12:37   ├─ /encounters/sludge-spinner/index.html (+2ms) 
22:12:37   ├─ /encounters/slumber-party/index.html (+2ms) 
22:12:37   ├─ /encounters/soul-fysh/index.html (+2ms) 
22:12:37   ├─ /encounters/soul-nexus/index.html (+2ms) 
22:12:37   ├─ /encounters/spiny-toad/index.html (+2ms) 
22:12:37   ├─ /encounters/strangler-and-friend/index.html (+2ms) 
22:12:37   ├─ /encounters/swarm-of-slimes/index.html (+2ms) 
22:12:37   ├─ /encounters/terror-eel/index.html (+2ms) 
22:12:37   ├─ /encounters/test-subject/index.html (+2ms) 
22:12:37   ├─ /encounters/the-architect/index.html (+2ms) 
22:12:37   ├─ /encounters/the-decimillipede/index.html (+2ms) 
22:12:37   ├─ /encounters/the-doormaker/index.html (+2ms) 
22:12:37   ├─ /encounters/the-insatiable/index.html (+2ms) 
22:12:37   ├─ /encounters/the-kin/index.html (+2ms) 
22:12:37   ├─ /encounters/the-merchant/index.html (+2ms) 
22:12:37   ├─ /encounters/the-obscura/index.html (+2ms) 
22:12:37   ├─ /encounters/thieving-hopper/index.html (+2ms) 
22:12:37   ├─ /encounters/toadpoles/index.html (+2ms) 
22:12:37   ├─ /encounters/tunneler/index.html (+2ms) 
22:12:37   ├─ /encounters/tunneling-twosome/index.html (+2ms) 
22:12:37   ├─ /encounters/turret-operator/index.html (+2ms) 
22:12:37   ├─ /encounters/two-gremlins-in-a-trenchcoat/index.html (+2ms) 
22:12:37   ├─ /encounters/two-tailed-rats/index.html (+2ms) 
22:12:37   ├─ /encounters/underdocks-wildlife/index.html (+2ms) 
22:12:37   ├─ /encounters/vantom/index.html (+2ms) 
22:12:37   ├─ /encounters/vine-shambler/index.html (+2ms) 
22:12:37   ├─ /encounters/waterfall-giant/index.html (+2ms) 
22:12:37   ├─ /encounters/wrigglers/index.html (+2ms) 
22:12:37   ├─ /epochs/index.html (+2ms) 
22:12:37   ├─ /epochs/act2-b-epoch/index.html (+1ms) 
22:12:37   ├─ /epochs/act3-b-epoch/index.html (+0ms) 
22:12:37   ├─ /epochs/colorless1-epoch/index.html (+1ms) 
22:12:37   ├─ /epochs/colorless2-epoch/index.html (+0ms) 
22:12:37   ├─ /epochs/colorless3-epoch/index.html (+0ms) 
22:12:37   ├─ /epochs/colorless4-epoch/index.html (+0ms) 
22:12:37   ├─ /epochs/colorless5-epoch/index.html (+0ms) 
22:12:37   ├─ /epochs/custom-and-seeds-epoch/index.html (+0ms) 
22:12:37   ├─ /epochs/daily-run-epoch/index.html (+0ms) 
22:12:37   ├─ /epochs/darv-epoch/index.html (+0ms) 
22:12:37   ├─ /epochs/defect1-epoch/index.html (+0ms) 
22:12:37   ├─ /epochs/defect2-epoch/index.html (+0ms) 
22:12:37   ├─ /epochs/defect3-epoch/index.html (+0ms) 
22:12:37   ├─ /epochs/defect4-epoch/index.html (+0ms) 
22:12:37   ├─ /epochs/defect5-epoch/index.html (+0ms) 
22:12:37   ├─ /epochs/defect6-epoch/index.html (+0ms) 
22:12:37   ├─ /epochs/defect7-epoch/index.html (+0ms) 
22:12:37   ├─ /epochs/event1-epoch/index.html (+0ms) 
22:12:37   ├─ /epochs/event2-epoch/index.html (+0ms) 
22:12:37   ├─ /epochs/event3-epoch/index.html (+0ms) 
22:12:37   ├─ /epochs/ironclad2-epoch/index.html (+0ms) 
22:12:37   ├─ /epochs/ironclad3-epoch/index.html (+0ms) 
22:12:37   ├─ /epochs/ironclad4-epoch/index.html (+0ms) 
22:12:37   ├─ /epochs/ironclad5-epoch/index.html (+0ms) 
22:12:37   ├─ /epochs/ironclad6-epoch/index.html (+0ms) 
22:12:37   ├─ /epochs/ironclad7-epoch/index.html (+0ms) 
22:12:37   ├─ /epochs/necrobinder1-epoch/index.html (+0ms) 
22:12:37   ├─ /epochs/necrobinder2-epoch/index.html (+0ms) 
22:12:37   ├─ /epochs/necrobinder3-epoch/index.html (+0ms) 
22:12:37   ├─ /epochs/necrobinder4-epoch/index.html (+0ms) 
22:12:37   ├─ /epochs/necrobinder5-epoch/index.html (+0ms) 
22:12:37   ├─ /epochs/necrobinder6-epoch/index.html (+0ms) 
22:12:37   ├─ /epochs/necrobinder7-epoch/index.html (+0ms) 
22:12:37   ├─ /epochs/neow-epoch/index.html (+0ms) 
22:12:37   ├─ /epochs/orobas-epoch/index.html (+0ms) 
22:12:37   ├─ /epochs/potion1-epoch/index.html (+0ms) 
22:12:37   ├─ /epochs/potion2-epoch/index.html (+0ms) 
22:12:37   ├─ /epochs/regent1-epoch/index.html (+0ms) 
22:12:37   ├─ /epochs/regent2-epoch/index.html (+0ms) 
22:12:37   ├─ /epochs/regent3-epoch/index.html (+0ms) 
22:12:37   ├─ /epochs/regent4-epoch/index.html (+0ms) 
22:12:37   ├─ /epochs/regent5-epoch/index.html (+0ms) 
22:12:37   ├─ /epochs/regent6-epoch/index.html (+0ms) 
22:12:37   ├─ /epochs/regent7-epoch/index.html (+0ms) 
22:12:37   ├─ /epochs/relic1-epoch/index.html (+0ms) 
22:12:37   ├─ /epochs/relic2-epoch/index.html (+0ms) 
22:12:37   ├─ /epochs/relic3-epoch/index.html (+0ms) 
22:12:37   ├─ /epochs/relic4-epoch/index.html (+0ms) 
22:12:37   ├─ /epochs/relic5-epoch/index.html (+0ms) 
22:12:37   ├─ /epochs/silent1-epoch/index.html (+0ms) 
22:12:37   ├─ /epochs/silent2-epoch/index.html (+1ms) 
22:12:37   ├─ /epochs/silent3-epoch/index.html (+0ms) 
22:12:37   ├─ /epochs/silent4-epoch/index.html (+0ms) 
22:12:37   ├─ /epochs/silent5-epoch/index.html (+0ms) 
22:12:37   ├─ /epochs/silent6-epoch/index.html (+0ms) 
22:12:37   ├─ /epochs/silent7-epoch/index.html (+0ms) 
22:12:37   ├─ /epochs/underdocks-epoch/index.html (+0ms) 
22:12:37   ├─ /events/index.html (+2ms) 
22:12:37   ├─ /events/abyssal-baths/index.html (+3ms) 
22:12:37   ├─ /events/amalgamator/index.html (+1ms) 
22:12:37   ├─ /events/aroma-of-chaos/index.html (+1ms) 
22:12:37   ├─ /events/battleworn-dummy/index.html (+1ms) 
22:12:37   ├─ /events/brain-leech/index.html (+1ms) 
22:12:37   ├─ /events/bugslayer/index.html (+1ms) 
22:12:37   ├─ /events/byrdonis-nest/index.html (+1ms) 
22:12:37   ├─ /events/colorful-philosophers/index.html (+1ms) 
22:12:37   ├─ /events/colossal-flower/index.html (+1ms) 
22:12:37   ├─ /events/crystal-sphere/index.html (+1ms) 
22:12:37   ├─ /events/dense-vegetation/index.html (+1ms) 
22:12:37   ├─ /events/deprecated-event/index.html (+0ms) 
22:12:37   ├─ /events/doll-room/index.html (+1ms) 
22:12:37   ├─ /events/doors-of-light-and-dark/index.html (+1ms) 
22:12:37   ├─ /events/drowning-beacon/index.html (+1ms) 
22:12:37   ├─ /events/endless-conveyor/index.html (+1ms) 
22:12:37   ├─ /events/field-of-man-sized-holes/index.html (+1ms) 
22:12:37   ├─ /events/grave-of-the-forgotten/index.html (+1ms) 
22:12:37   ├─ /events/hungry-for-mushrooms/index.html (+1ms) 
22:12:37   ├─ /events/infested-automaton/index.html (+1ms) 
22:12:37   ├─ /events/jungle-maze-adventure/index.html (+1ms) 
22:12:37   ├─ /events/luminous-choir/index.html (+1ms) 
22:12:37   ├─ /events/morphic-grove/index.html (+1ms) 
22:12:37   ├─ /events/potion-courier/index.html (+1ms) 
22:12:37   ├─ /events/punch-off/index.html (+1ms) 
22:12:37   ├─ /events/ranwid-the-elder/index.html (+1ms) 
22:12:37   ├─ /events/reflections-snoitcelfer/index.html (+1ms) 
22:12:37   ├─ /events/relic-trader/index.html (+1ms) 
22:12:37   ├─ /events/room-full-of-cheese/index.html (+1ms) 
22:12:37   ├─ /events/sapphire-seed/index.html (+1ms) 
22:12:37   ├─ /events/self-help-book/index.html (+1ms) 
22:12:37   ├─ /events/slippery-bridge/index.html (+1ms) 
22:12:37   ├─ /events/spiraling-whirlpool/index.html (+1ms) 
22:12:37   ├─ /events/spirit-grafter/index.html (+1ms) 
22:12:37   ├─ /events/stone-of-all-time/index.html (+1ms) 
22:12:37   ├─ /events/sunken-treasury/index.html (+1ms) 
22:12:37   ├─ /events/symbiote/index.html (+1ms) 
22:12:37   ├─ /events/tablet-of-truth/index.html (+1ms) 
22:12:37   ├─ /events/tea-master/index.html (+1ms) 
22:12:37   ├─ /events/the-architect/index.html (+1ms) 
22:12:37   ├─ /events/the-future-of-potions/index.html (+1ms) 
22:12:37   ├─ /events/the-lantern-key/index.html (+1ms) 
22:12:37   ├─ /events/the-legends-were-true/index.html (+1ms) 
22:12:37   ├─ /events/the-lost-wisp/index.html (+1ms) 
22:12:37   ├─ /events/the-merchant/index.html (+1ms) 
22:12:37   ├─ /events/the-round-tea-party/index.html (+1ms) 
22:12:37   ├─ /events/the-sunken-statue/index.html (+1ms) 
22:12:37   ├─ /events/the-trial/index.html (+1ms) 
22:12:37   ├─ /events/this-or-that/index.html (+1ms) 
22:12:37   ├─ /events/tinker-time/index.html (+1ms) 
22:12:37   ├─ /events/trash-heap/index.html (+1ms) 
22:12:37   ├─ /events/unrest-site/index.html (+1ms) 
22:12:37   ├─ /events/war-historian-repy/index.html (+1ms) 
22:12:37   ├─ /events/waterlogged-scriptorium/index.html (+1ms) 
22:12:37   ├─ /events/welcome-to-wongo-s/index.html (+1ms) 
22:12:37   ├─ /events/wellspring/index.html (+1ms) 
22:12:37   ├─ /events/whispering-hollow/index.html (+1ms) 
22:12:37   ├─ /events/wood-carvings/index.html (+1ms) 
22:12:37   ├─ /events/zen-weaver/index.html (+1ms) 
22:12:37   ├─ /mechanics/index.html (+1ms) 
22:12:37   ├─ /monsters/index.html (+4ms) 
22:12:37   ├─ /monsters/assassin-raider/index.html (+2ms) 
22:12:37   ├─ /monsters/axe-raider/index.html (+2ms) 
22:12:37   ├─ /monsters/axebot/index.html (+2ms) 
22:12:37   ├─ /monsters/battle-friend-v1-0/index.html (+1ms) 
22:12:37   ├─ /monsters/battle-friend-v2-0/index.html (+1ms) 
22:12:37   ├─ /monsters/battle-friend-v3-0/index.html (+2ms) 
22:12:37   ├─ /monsters/bowlbug-egg/index.html (+1ms) 
22:12:37   ├─ /monsters/bowlbug-nectar/index.html (+1ms) 
22:12:37   ├─ /monsters/bowlbug-rock/index.html (+2ms) 
22:12:37   ├─ /monsters/bowlbug-silk/index.html (+1ms) 
22:12:37   ├─ /monsters/brute-raider/index.html (+1ms) 
22:12:37   ├─ /monsters/bygone-effigy/index.html (+2ms) 
22:12:37   ├─ /monsters/byrdonis/index.html (+1ms) 
22:12:37   ├─ /monsters/byrdpip/index.html (+2ms) 
22:12:37   ├─ /monsters/calcified-cultist/index.html (+1ms) 
22:12:37   ├─ /monsters/ceremonial-beast/index.html (+2ms) 
22:12:37   ├─ /monsters/chomper/index.html (+2ms) 
22:12:37   ├─ /monsters/corpse-slug/index.html (+1ms) 
22:12:37   ├─ /monsters/crossbow-raider/index.html (+1ms) 
22:12:37   ├─ /monsters/crusher/index.html (+2ms) 
22:12:37   ├─ /monsters/cubex-construct/index.html (+1ms) 
22:12:37   ├─ /monsters/damp-cultist/index.html (+1ms) 
22:12:37   ├─ /monsters/decimillipede/index.html (+2ms) 
22:12:37   ├─ /monsters/decimillipede-decimillipedesegmentback/index.html (+1ms) 
22:12:37   ├─ /monsters/decimillipede-decimillipedesegmentfront/index.html (+1ms) 
22:12:37   ├─ /monsters/decimillipede-decimillipedesegmentmiddle/index.html (+2ms) 
22:12:37   ├─ /monsters/devoted-sculptor/index.html (+1ms) 
22:12:37   ├─ /monsters/doormaker/index.html (+2ms) 
22:12:37   ├─ /monsters/entomancer/index.html (+1ms) 
22:12:37   ├─ /monsters/exoskeleton/index.html (+1ms) 
22:12:37   ├─ /monsters/eye-with-teeth/index.html (+1ms) 
22:12:37   ├─ /monsters/fabricator/index.html (+1ms) 
22:12:37   ├─ /monsters/fat-gremlin/index.html (+1ms) 
22:12:37   ├─ /monsters/flail-knight/index.html (+2ms) 
22:12:37   ├─ /monsters/flyconid/index.html (+1ms) 
22:12:37   ├─ /monsters/fogmog/index.html (+1ms) 
22:12:37   ├─ /monsters/fossil-stalker/index.html (+1ms) 
22:12:37   ├─ /monsters/frog-knight/index.html (+1ms) 
22:12:37   ├─ /monsters/fuzzy-wurm-crawler/index.html (+1ms) 
22:12:37   ├─ /monsters/gas-bomb/index.html (+2ms) 
22:12:37   ├─ /monsters/globe-head/index.html (+1ms) 
22:12:37   ├─ /monsters/gremlin-merc/index.html (+1ms) 
22:12:38   ├─ /monsters/guardbot/index.html (+2ms) 
22:12:38   ├─ /monsters/haunted-ship/index.html (+1ms) 
22:12:38   ├─ /monsters/hunter-killer/index.html (+1ms) 
22:12:38   ├─ /monsters/infested-prism/index.html (+1ms) 
22:12:38   ├─ /monsters/inklet/index.html (+2ms) 
22:12:38   ├─ /monsters/kin-follower/index.html (+2ms) 
22:12:38   ├─ /monsters/kin-priest/index.html (+1ms) 
22:12:38   ├─ /monsters/knowledge-demon/index.html (+1ms) 
22:12:38   ├─ /monsters/lagavulin-matriarch/index.html (+2ms) 
22:12:38   ├─ /monsters/leaf-slime-m/index.html (+1ms) 
22:12:38   ├─ /monsters/leaf-slime-s/index.html (+1ms) 
22:12:38   ├─ /monsters/living-fog/index.html (+2ms) 
22:12:38   ├─ /monsters/living-shield/index.html (+1ms) 
22:12:38   ├─ /monsters/louse-progenitor/index.html (+1ms) 
22:12:38   ├─ /monsters/magi-knight/index.html (+2ms) 
22:12:38   ├─ /monsters/mawler/index.html (+1ms) 
22:12:38   ├─ /monsters/mecha-knight/index.html (+2ms) 
22:12:38   ├─ /monsters/mysterious-knight/index.html (+1ms) 
22:12:38   ├─ /monsters/myte/index.html (+1ms) 
22:12:38   ├─ /monsters/nibbit/index.html (+2ms) 
22:12:38   ├─ /monsters/noisebot/index.html (+1ms) 
22:12:38   ├─ /monsters/osty/index.html (+1ms) 
22:12:38   ├─ /monsters/ovicopter/index.html (+2ms) 
22:12:38   ├─ /monsters/owl-magistrate/index.html (+1ms) 
22:12:38   ├─ /monsters/pael-s-legion/index.html (+1ms) 
22:12:38   ├─ /monsters/parafright/index.html (+2ms) 
22:12:38   ├─ /monsters/phantasmal-gardener/index.html (+1ms) 
22:12:38   ├─ /monsters/phrog-parasite/index.html (+1ms) 
22:12:38   ├─ /monsters/punch-construct/index.html (+2ms) 
22:12:38   ├─ /monsters/queen/index.html (+1ms) 
22:12:38   ├─ /monsters/rocket/index.html (+1ms) 
22:12:38   ├─ /monsters/scroll-of-biting/index.html (+2ms) 
22:12:38   ├─ /monsters/seapunk/index.html (+1ms) 
22:12:38   ├─ /monsters/sewer-clam/index.html (+2ms) 
22:12:38   ├─ /monsters/shrinker-beetle/index.html (+1ms) 
22:12:38   ├─ /monsters/skulking-colony/index.html (+1ms) 
22:12:38   ├─ /monsters/slimed-berserker/index.html (+2ms) 
22:12:38   ├─ /monsters/slithering-strangler/index.html (+1ms) 
22:12:38   ├─ /monsters/sludge-spinner/index.html (+1ms) 
22:12:38   ├─ /monsters/slumbering-beetle/index.html (+2ms) 
22:12:38   ├─ /monsters/snapping-jaxfruit/index.html (+1ms) 
22:12:38   ├─ /monsters/sneaky-gremlin/index.html (+1ms) 
22:12:38   ├─ /monsters/soul-fysh/index.html (+2ms) 
22:12:38   ├─ /monsters/soul-nexus/index.html (+1ms) 
22:12:38   ├─ /monsters/spectral-knight/index.html (+1ms) 
22:12:38   ├─ /monsters/spiny-toad/index.html (+2ms) 
22:12:38   ├─ /monsters/stabbot/index.html (+1ms) 
22:12:38   ├─ /monsters/terror-eel/index.html (+1ms) 
22:12:38   ├─ /monsters/test-subject/index.html (+2ms) 
22:12:38   ├─ /monsters/the-forgotten/index.html (+1ms) 
22:12:38   ├─ /monsters/the-insatiable/index.html (+2ms) 
22:12:38   ├─ /monsters/the-lost/index.html (+1ms) 
22:12:38   ├─ /monsters/the-merchant/index.html (+1ms) 
22:12:38   ├─ /monsters/the-obscura/index.html (+2ms) 
22:12:38   ├─ /monsters/thieving-hopper/index.html (+2ms) 
22:12:38   ├─ /monsters/toadpole/index.html (+1ms) 
22:12:38   ├─ /monsters/torch-head-amalgam/index.html (+2ms) 
22:12:38   ├─ /monsters/tough-egg/index.html (+1ms) 
22:12:38   ├─ /monsters/tracker-raider/index.html (+1ms) 
22:12:38   ├─ /monsters/tunneler/index.html (+2ms) 
22:12:38   ├─ /monsters/turret-operator/index.html (+1ms) 
22:12:38   ├─ /monsters/twig-slime-m/index.html (+1ms) 
22:12:38   ├─ /monsters/twig-slime-s/index.html (+2ms) 
22:12:38   ├─ /monsters/two-tailed-rat/index.html (+1ms) 
22:12:38   ├─ /monsters/vantom/index.html (+2ms) 
22:12:38   ├─ /monsters/vine-shambler/index.html (+2ms) 
22:12:38   ├─ /monsters/waterfall-giant/index.html (+2ms) 
22:12:38   ├─ /monsters/wriggler/index.html (+2ms) 
22:12:38   ├─ /monsters/zapbot/index.html (+1ms) 
22:12:38   ├─ /patches/v0-100-0/index.html (+2ms) 
22:12:38   ├─ /patches/v0-101-0/index.html (+2ms) 
22:12:38   ├─ /patches/index.html (+1ms) 
22:12:38   ├─ /potions/index.html (+2ms) 
22:12:38   ├─ /potions/ashwater/index.html (+1ms) 
22:12:38   ├─ /potions/attack-potion/index.html (+0ms) 
22:12:38   ├─ /potions/beetle-juice/index.html (+0ms) 
22:12:38   ├─ /potions/blessing-of-the-forge/index.html (+0ms) 
22:12:38   ├─ /potions/block-potion/index.html (+0ms) 
22:12:38   ├─ /potions/blood-potion/index.html (+0ms) 
22:12:38   ├─ /potions/bone-brew/index.html (+0ms) 
22:12:38   ├─ /potions/bottled-potential/index.html (+0ms) 
22:12:38   ├─ /potions/clarity-extract/index.html (+0ms) 
22:12:38   ├─ /potions/colorless-potion/index.html (+0ms) 
22:12:38   ├─ /potions/cosmic-concoction/index.html (+0ms) 
22:12:38   ├─ /potions/cunning-potion/index.html (+0ms) 
22:12:38   ├─ /potions/cure-all/index.html (+0ms) 
22:12:38   ├─ /potions/deprecated-potion/index.html (+0ms) 
22:12:38   ├─ /potions/dexterity-potion/index.html (+0ms) 
22:12:38   ├─ /potions/distilled-chaos/index.html (+0ms) 
22:12:38   ├─ /potions/droplet-of-precognition/index.html (+0ms) 
22:12:38   ├─ /potions/duplicator/index.html (+0ms) 
22:12:38   ├─ /potions/energy-potion/index.html (+0ms) 
22:12:38   ├─ /potions/entropic-brew/index.html (+0ms) 
22:12:38   ├─ /potions/essence-of-darkness/index.html (+0ms) 
22:12:38   ├─ /potions/explosive-ampoule/index.html (+0ms) 
22:12:38   ├─ /potions/fairy-in-a-bottle/index.html (+0ms) 
22:12:38   ├─ /potions/fire-potion/index.html (+0ms) 
22:12:38   ├─ /potions/flex-potion/index.html (+0ms) 
22:12:38   ├─ /potions/focus-potion/index.html (+0ms) 
22:12:38   ├─ /potions/fortifier/index.html (+0ms) 
22:12:38   ├─ /potions/foul-potion/index.html (+0ms) 
22:12:38   ├─ /potions/fruit-juice/index.html (+0ms) 
22:12:38   ├─ /potions/fysh-oil/index.html (+0ms) 
22:12:38   ├─ /potions/gambler-s-brew/index.html (+0ms) 
22:12:38   ├─ /potions/ghost-in-a-jar/index.html (+0ms) 
22:12:38   ├─ /potions/gigantification-potion/index.html (+0ms) 
22:12:38   ├─ /potions/glowwater-potion/index.html (+0ms) 
22:12:38   ├─ /potions/heart-of-iron/index.html (+0ms) 
22:12:38   ├─ /potions/king-s-courage/index.html (+0ms) 
22:12:38   ├─ /potions/liquid-bronze/index.html (+0ms) 
22:12:38   ├─ /potions/liquid-memories/index.html (+0ms) 
22:12:38   ├─ /potions/lucky-tonic/index.html (+0ms) 
22:12:38   ├─ /potions/mazaleth-s-gift/index.html (+0ms) 
22:12:38   ├─ /potions/orobic-acid/index.html (+1ms) 
22:12:38   ├─ /potions/poison-potion/index.html (+0ms) 
22:12:38   ├─ /potions/pot-of-ghouls/index.html (+0ms) 
22:12:38   ├─ /potions/potion-of-binding/index.html (+0ms) 
22:12:38   ├─ /potions/potion-of-capacity/index.html (+0ms) 
22:12:38   ├─ /potions/potion-of-doom/index.html (+0ms) 
22:12:38   ├─ /potions/potion-shaped-rock/index.html (+0ms) 
22:12:38   ├─ /potions/powdered-demise/index.html (+0ms) 
22:12:38   ├─ /potions/power-potion/index.html (+0ms) 
22:12:38   ├─ /potions/radiant-tincture/index.html (+0ms) 
22:12:38   ├─ /potions/regen-potion/index.html (+0ms) 
22:12:38   ├─ /potions/shackling-potion/index.html (+0ms) 
22:12:38   ├─ /potions/ship-in-a-bottle/index.html (+0ms) 
22:12:38   ├─ /potions/skill-potion/index.html (+0ms) 
22:12:38   ├─ /potions/snecko-oil/index.html (+0ms) 
22:12:38   ├─ /potions/soldier-s-stew/index.html (+0ms) 
22:12:38   ├─ /potions/speed-potion/index.html (+0ms) 
22:12:38   ├─ /potions/stable-serum/index.html (+0ms) 
22:12:38   ├─ /potions/star-potion/index.html (+0ms) 
22:12:38   ├─ /potions/strength-potion/index.html (+0ms) 
22:12:38   ├─ /potions/swift-potion/index.html (+0ms) 
22:12:38   ├─ /potions/touch-of-insanity/index.html (+0ms) 
22:12:38   ├─ /potions/vulnerable-potion/index.html (+0ms) 
22:12:38   ├─ /potions/weak-potion/index.html (+0ms) 
22:12:38   ├─ /powers/index.html (+3ms) 
22:12:38   ├─ /powers/accelerant/index.html (+1ms) 
22:12:38   ├─ /powers/accuracy/index.html (+0ms) 
22:12:38   ├─ /powers/adaptable/index.html (+0ms) 
22:12:38   ├─ /powers/afterimage/index.html (+0ms) 
22:12:38   ├─ /powers/aggression/index.html (+0ms) 
22:12:38   ├─ /powers/anticipate/index.html (+0ms) 
22:12:38   ├─ /powers/arsenal/index.html (+0ms) 
22:12:38   ├─ /powers/artifact/index.html (+0ms) 
22:12:38   ├─ /powers/asleep/index.html (+0ms) 
22:12:38   ├─ /powers/automation/index.html (+0ms) 
22:12:38   ├─ /powers/back-attack/index.html (+0ms) 
22:12:38   ├─ /powers/back-attack-backattackrightpower/index.html (+0ms) 
22:12:38   ├─ /powers/barricade/index.html (+0ms) 
22:12:38   ├─ /powers/beacon-of-hope/index.html (+0ms) 
22:12:38   ├─ /powers/biased-cognition/index.html (+0ms) 
22:12:38   ├─ /powers/black-hole/index.html (+0ms) 
22:12:38   ├─ /powers/blade-of-ink/index.html (+0ms) 
22:12:38   ├─ /powers/block-next-turn/index.html (+1ms) 
22:12:38   ├─ /powers/blur/index.html (+0ms) 
22:12:38   ├─ /powers/buffer/index.html (+0ms) 
22:12:38   ├─ /powers/burrowed/index.html (+0ms) 
22:12:38   ├─ /powers/burst/index.html (+0ms) 
22:12:38   ├─ /powers/calamity/index.html (+0ms) 
22:12:38   ├─ /powers/calcify/index.html (+0ms) 
22:12:38   ├─ /powers/call-of-the-void/index.html (+0ms) 
22:12:38   ├─ /powers/chains-of-binding/index.html (+0ms) 
22:12:38   ├─ /powers/child-of-the-stars/index.html (+0ms) 
22:12:38   ├─ /powers/clarity/index.html (+0ms) 
22:12:38   ├─ /powers/colossus/index.html (+0ms) 
22:12:38   ├─ /powers/confused/index.html (+0ms) 
22:12:38   ├─ /powers/conqueror/index.html (+0ms) 
22:12:38   ├─ /powers/constrict/index.html (+0ms) 
22:12:38   ├─ /powers/consuming-shadow/index.html (+0ms) 
22:12:38   ├─ /powers/coolant/index.html (+0ms) 
22:12:38   ├─ /powers/coordinate/index.html (+0ms) 
22:12:38   ├─ /powers/corrosive-wave/index.html (+0ms) 
22:12:38   ├─ /powers/corruption/index.html (+0ms) 
22:12:38   ├─ /powers/countdown/index.html (+0ms) 
22:12:38   ├─ /powers/covered/index.html (+0ms) 
22:12:38   ├─ /powers/crab-rage/index.html (+0ms) 
22:12:38   ├─ /powers/creative-ai/index.html (+0ms) 
22:12:38   ├─ /powers/crimson-mantle/index.html (+0ms) 
22:12:38   ├─ /powers/cruelty/index.html (+0ms) 
22:12:38   ├─ /powers/crush-under/index.html (+0ms) 
22:12:38   ├─ /powers/curious/index.html (+1ms) 
22:12:38   ├─ /powers/curl-up/index.html (+0ms) 
22:12:38   ├─ /powers/dampen/index.html (+0ms) 
22:12:38   ├─ /powers/danse-macabre/index.html (+0ms) 
22:12:38   ├─ /powers/dark-embrace/index.html (+0ms) 
22:12:38   ├─ /powers/dark-shackles/index.html (+0ms) 
22:12:38   ├─ /powers/debilitate/index.html (+0ms) 
22:12:38   ├─ /powers/demesne/index.html (+0ms) 
22:12:38   ├─ /powers/demise/index.html (+0ms) 
22:12:38   ├─ /powers/demon-form/index.html (+1ms) 
22:12:38   ├─ /powers/devour-life/index.html (+0ms) 
22:12:38   ├─ /powers/dexterity/index.html (+0ms) 
22:12:38   ├─ /powers/diamond-diadem/index.html (+0ms) 
22:12:38   ├─ /powers/die-for-you/index.html (+0ms) 
22:12:38   ├─ /powers/disintegration/index.html (+0ms) 
22:12:38   ├─ /powers/doom/index.html (+0ms) 
22:12:38   ├─ /powers/double-damage/index.html (+0ms) 
22:12:38   ├─ /powers/draw-cards-next-turn/index.html (+0ms) 
22:12:38   ├─ /powers/drum-of-battle/index.html (+0ms) 
22:12:38   ├─ /powers/duplication/index.html (+0ms) 
22:12:38   ├─ /powers/dying-star/index.html (+0ms) 
22:12:38   ├─ /powers/echo-form/index.html (+0ms) 
22:12:38   ├─ /powers/energy-next-turn/index.html (+0ms) 
22:12:38   ├─ /powers/enfeebling-touch/index.html (+0ms) 
22:12:38   ├─ /powers/enrage/index.html (+0ms) 
22:12:38   ├─ /powers/entropy/index.html (+0ms) 
22:12:38   ├─ /powers/envenom/index.html (+0ms) 
22:12:38   ├─ /powers/escape-artist/index.html (+0ms) 
22:12:38   ├─ /powers/fan-of-knives/index.html (+0ms) 
22:12:38   ├─ /powers/fasten/index.html (+0ms) 
22:12:38   ├─ /powers/feeding-frenzy/index.html (+0ms) 
22:12:38   ├─ /powers/feel-no-pain/index.html (+0ms) 
22:12:38   ├─ /powers/feral/index.html (+0ms) 
22:12:38   ├─ /powers/flame-barrier/index.html (+0ms) 
22:12:38   ├─ /powers/flanking/index.html (+0ms) 
22:12:38   ├─ /powers/flex-potion/index.html (+0ms) 
22:12:38   ├─ /powers/flutter/index.html (+0ms) 
22:12:38   ├─ /powers/focus/index.html (+0ms) 
22:12:38   ├─ /powers/focused-strike/index.html (+0ms) 
22:12:38   ├─ /powers/forbidden-grimoire/index.html (+0ms) 
22:12:38   ├─ /powers/foregone-conclusion/index.html (+0ms) 
22:12:38   ├─ /powers/frail/index.html (+0ms) 
22:12:38   ├─ /powers/free-attack/index.html (+0ms) 
22:12:38   ├─ /powers/free-power/index.html (+0ms) 
22:12:38   ├─ /powers/free-skill/index.html (+0ms) 
22:12:38   ├─ /powers/friendship/index.html (+0ms) 
22:12:38   ├─ /powers/furnace/index.html (+0ms) 
22:12:38   ├─ /powers/galvanic/index.html (+0ms) 
22:12:38   ├─ /powers/genesis/index.html (+0ms) 
22:12:38   ├─ /powers/gigantification/index.html (+0ms) 
22:12:38   ├─ /powers/grapple/index.html (+0ms) 
22:12:38   ├─ /powers/grasp/index.html (+0ms) 
22:12:38   ├─ /powers/gravity/index.html (+0ms) 
22:12:38   ├─ /powers/guarded/index.html (+0ms) 
22:12:38   ├─ /powers/hailstorm/index.html (+0ms) 
22:12:38   ├─ /powers/hammer-time/index.html (+0ms) 
22:12:38   ├─ /powers/hang/index.html (+0ms) 
22:12:38   ├─ /powers/hard-to-kill/index.html (+0ms) 
22:12:38   ├─ /powers/hardened-shell/index.html (+0ms) 
22:12:38   ├─ /powers/hatch/index.html (+0ms) 
22:12:38   ├─ /powers/haunt/index.html (+0ms) 
22:12:38   ├─ /powers/heist/index.html (+0ms) 
22:12:38   ├─ /powers/helical-dart/index.html (+0ms) 
22:12:38   ├─ /powers/hello-world/index.html (+0ms) 
22:12:38   ├─ /powers/hellraiser/index.html (+0ms) 
22:12:38   ├─ /powers/hex/index.html (+0ms) 
22:12:38   ├─ /powers/high-voltage/index.html (+0ms) 
22:12:38   ├─ /powers/hotfix/index.html (+0ms) 
22:12:38   ├─ /powers/hunger/index.html (+0ms) 
22:12:38   ├─ /powers/illusion/index.html (+0ms) 
22:12:38   ├─ /powers/imbalanced/index.html (+1ms) 
22:12:38   ├─ /powers/improvement/index.html (+0ms) 
22:12:38   ├─ /powers/inferno/index.html (+0ms) 
22:12:38   ├─ /powers/infested/index.html (+0ms) 
22:12:38   ├─ /powers/infinite-blades/index.html (+0ms) 
22:12:38   ├─ /powers/intangible/index.html (+0ms) 
22:12:38   ├─ /powers/intercept/index.html (+0ms) 
22:12:38   ├─ /powers/iteration/index.html (+0ms) 
22:12:38   ├─ /powers/juggernaut/index.html (+0ms) 
22:12:38   ├─ /powers/juggling/index.html (+0ms) 
22:12:38   ├─ /powers/knockdown/index.html (+0ms) 
22:12:38   ├─ /powers/leadership/index.html (+0ms) 
22:12:38   ├─ /powers/lethality/index.html (+0ms) 
22:12:38   ├─ /powers/lightning-rod/index.html (+0ms) 
22:12:38   ├─ /powers/loop/index.html (+0ms) 
22:12:38   ├─ /powers/machine-learning/index.html (+0ms) 
22:12:38   ├─ /powers/magic-bomb/index.html (+0ms) 
22:12:38   ├─ /powers/mangle/index.html (+0ms) 
22:12:38   ├─ /powers/master-planner/index.html (+0ms) 
22:12:38   ├─ /powers/mayhem/index.html (+0ms) 
22:12:38   ├─ /powers/mind-rot/index.html (+0ms) 
22:12:38   ├─ /powers/minion/index.html (+0ms) 
22:12:38   ├─ /powers/monarch-s-gaze/index.html (+0ms) 
22:12:38   ├─ /powers/monarchs-gaze-strength-down/index.html (+1ms) 
22:12:38   ├─ /powers/monologue/index.html (+1ms) 
22:12:38   ├─ /powers/necro-mastery/index.html (+0ms) 
22:12:38   ├─ /powers/nemesis/index.html (+0ms) 
22:12:38   ├─ /powers/neurosurge/index.html (+0ms) 
22:12:38   ├─ /powers/nightmare/index.html (+0ms) 
22:12:38   ├─ /powers/no-block/index.html (+0ms) 
22:12:38   ├─ /powers/no-draw/index.html (+0ms) 
22:12:38   ├─ /powers/no-energy-gain/index.html (+0ms) 
22:12:38   ├─ /powers/nostalgia/index.html (+0ms) 
22:12:38   ├─ /powers/noxious-fumes/index.html (+0ms) 
22:12:38   ├─ /powers/oblivion/index.html (+0ms) 
22:12:38   ├─ /powers/one-two-punch/index.html (+0ms) 
22:12:38   ├─ /powers/orbit/index.html (+1ms) 
22:12:38   ├─ /powers/outbreak/index.html (+0ms) 
22:12:38   ├─ /powers/pagestorm/index.html (+0ms) 
22:12:38   ├─ /powers/painful-stabs/index.html (+0ms) 
22:12:38   ├─ /powers/pale-blue-dot/index.html (+0ms) 
22:12:38   ├─ /powers/panache/index.html (+0ms) 
22:12:38   ├─ /powers/paper-cuts/index.html (+0ms) 
22:12:38   ├─ /powers/parry/index.html (+1ms) 
22:12:38   ├─ /powers/personal-hive/index.html (+0ms) 
22:12:38   ├─ /powers/phantom-blades/index.html (+0ms) 
22:12:38   ├─ /powers/piercing-wail/index.html (+0ms) 
22:12:38   ├─ /powers/pillar-of-creation/index.html (+0ms) 
22:12:38   ├─ /powers/plating/index.html (+0ms) 
22:12:38   ├─ /powers/plow/index.html (+0ms) 
22:12:38   ├─ /powers/poison/index.html (+0ms) 
22:12:38   ├─ /powers/possess-speed/index.html (+0ms) 
22:12:38   ├─ /powers/possess-strength/index.html (+0ms) 
22:12:38   ├─ /powers/prep-time/index.html (+0ms) 
22:12:38   ├─ /powers/pyre/index.html (+0ms) 
22:12:38   ├─ /powers/radiance/index.html (+0ms) 
22:12:38   ├─ /powers/rage/index.html (+0ms) 
22:12:38   ├─ /powers/rampart/index.html (+0ms) 
22:12:38   ├─ /powers/ravenous/index.html (+0ms) 
22:12:38   ├─ /powers/reaper-form/index.html (+0ms) 
22:12:38   ├─ /powers/reattach/index.html (+0ms) 
22:12:38   ├─ /powers/rebound/index.html (+0ms) 
22:12:38   ├─ /powers/reflect/index.html (+0ms) 
22:12:38   ├─ /powers/regen/index.html (+0ms) 
22:12:38   ├─ /powers/reptile-trinket/index.html (+0ms) 
22:12:38   ├─ /powers/retain-hand/index.html (+0ms) 
22:12:38   ├─ /powers/ringing/index.html (+0ms) 
22:12:38   ├─ /powers/ritual/index.html (+0ms) 
22:12:38   ├─ /powers/rolling-boulder/index.html (+0ms) 
22:12:38   ├─ /powers/royalties/index.html (+0ms) 
22:12:38   ├─ /powers/rupture/index.html (+1ms) 
22:12:38   ├─ /powers/sandpit/index.html (+0ms) 
22:12:38   ├─ /powers/scrutiny/index.html (+0ms) 
22:12:38   ├─ /powers/seeking-edge/index.html (+0ms) 
22:12:38   ├─ /powers/self-forming-clay/index.html (+0ms) 
22:12:38   ├─ /powers/sentry-mode/index.html (+0ms) 
22:12:38   ├─ /powers/serpent-form/index.html (+0ms) 
22:12:38   ├─ /powers/setup-strike/index.html (+0ms) 
22:12:38   ├─ /powers/shackling-potion/index.html (+0ms) 
22:12:38   ├─ /powers/shadow-step/index.html (+0ms) 
22:12:38   ├─ /powers/shadowmeld/index.html (+0ms) 
22:12:38   ├─ /powers/shriek/index.html (+0ms) 
22:12:38   ├─ /powers/shrink/index.html (+0ms) 
22:12:38   ├─ /powers/shroud/index.html (+0ms) 
22:12:38   ├─ /powers/sic-em/index.html (+0ms) 
22:12:38   ├─ /powers/signal-boost/index.html (+0ms) 
22:12:38   ├─ /powers/skittish/index.html (+0ms) 
22:12:38   ├─ /powers/sleight-of-flesh/index.html (+0ms) 
22:12:38   ├─ /powers/slippery/index.html (+0ms) 
22:12:38   ├─ /powers/sloth/index.html (+0ms) 
22:12:38   ├─ /powers/slow/index.html (+0ms) 
22:12:38   ├─ /powers/slumber/index.html (+0ms) 
22:12:38   ├─ /powers/smoggy/index.html (+0ms) 
22:12:38   ├─ /powers/smokestack/index.html (+0ms) 
22:12:38   ├─ /powers/sneaky/index.html (+0ms) 
22:12:38   ├─ /powers/soar/index.html (+0ms) 
22:12:38   ├─ /powers/spectrum-shift/index.html (+0ms) 
22:12:38   ├─ /powers/speed-potion/index.html (+0ms) 
22:12:38   ├─ /powers/speedster/index.html (+0ms) 
22:12:38   ├─ /powers/spinner/index.html (+0ms) 
22:12:38   ├─ /powers/spirit-of-ash/index.html (+0ms) 
22:12:38   ├─ /powers/stampede/index.html (+0ms) 
22:12:38   ├─ /powers/star-next-turn/index.html (+0ms) 
22:12:38   ├─ /powers/steam-eruption/index.html (+0ms) 
22:12:38   ├─ /powers/stock/index.html (+0ms) 
22:12:38   ├─ /powers/storm/index.html (+0ms) 
22:12:38   ├─ /powers/strangle/index.html (+0ms) 
22:12:38   ├─ /powers/stratagem/index.html (+0ms) 
22:12:38   ├─ /powers/strength/index.html (+0ms) 
22:12:38   ├─ /powers/subroutine/index.html (+0ms) 
22:12:38   ├─ /powers/suck/index.html (+0ms) 
22:12:38   ├─ /powers/summon-next-turn/index.html (+0ms) 
22:12:38   ├─ /powers/surprise/index.html (+0ms) 
22:12:38   ├─ /powers/surrounded/index.html (+0ms) 
22:12:38   ├─ /powers/swipe/index.html (+0ms) 
22:12:38   ├─ /powers/sword-sage/index.html (+0ms) 
22:12:38   ├─ /powers/synchronize/index.html (+0ms) 
22:12:38   ├─ /powers/tag-team/index.html (+0ms) 
22:12:38   ├─ /powers/tangled/index.html (+0ms) 
22:12:38   ├─ /powers/tank/index.html (+0ms) 
22:12:38   ├─ /powers/temporary-dexterity/index.html (+0ms) 
22:12:38   ├─ /powers/temporary-focus/index.html (+0ms) 
22:12:38   ├─ /powers/temporary-strength/index.html (+0ms) 
22:12:38   ├─ /powers/tender/index.html (+0ms) 
22:12:38   ├─ /powers/territorial/index.html (+0ms) 
22:12:38   ├─ /powers/the-bomb/index.html (+0ms) 
22:12:38   ├─ /powers/the-gambit/index.html (+0ms) 
22:12:38   ├─ /powers/the-hunt/index.html (+0ms) 
22:12:38   ├─ /powers/the-sealed-throne/index.html (+0ms) 
22:12:38   ├─ /powers/thievery/index.html (+0ms) 
22:12:38   ├─ /powers/thorns/index.html (+0ms) 
22:12:38   ├─ /powers/thunder/index.html (+0ms) 
22:12:38   ├─ /powers/time-limit/index.html (+0ms) 
22:12:38   ├─ /powers/tools-of-the-trade/index.html (+0ms) 
22:12:38   ├─ /powers/toric-toughness/index.html (+0ms) 
22:12:38   ├─ /powers/tracking/index.html (+0ms) 
22:12:38   ├─ /powers/trash-to-treasure/index.html (+0ms) 
22:12:38   ├─ /powers/tyranny/index.html (+0ms) 
22:12:38   ├─ /powers/unmovable/index.html (+0ms) 
22:12:38   ├─ /powers/veilpiercer/index.html (+0ms) 
22:12:38   ├─ /powers/vicious/index.html (+0ms) 
22:12:38   ├─ /powers/vigor/index.html (+1ms) 
22:12:38   ├─ /powers/vital-spark/index.html (+0ms) 
22:12:38   ├─ /powers/void-form/index.html (+0ms) 
22:12:38   ├─ /powers/vulnerable/index.html (+1ms) 
22:12:38   ├─ /powers/waste-away/index.html (+0ms) 
22:12:38   ├─ /powers/weak/index.html (+0ms) 
22:12:38   ├─ /powers/well-laid-plans/index.html (+0ms) 
22:12:38   ├─ /powers/wraith-form/index.html (+0ms) 
22:12:38   ├─ /relics/index.html (+4ms) 
22:12:38   ├─ /relics/akabeko/index.html (+1ms) 
22:12:38   ├─ /relics/alchemical-coffer/index.html (+2ms) 
22:12:38   ├─ /relics/amethyst-aubergine/index.html (+1ms) 
22:12:38   ├─ /relics/anchor/index.html (+1ms) 
22:12:38   ├─ /relics/anchor-fakeanchor/index.html (+1ms) 
22:12:38   ├─ /relics/arcane-scroll/index.html (+1ms) 
22:12:38   ├─ /relics/archaic-tooth/index.html (+2ms) 
22:12:38   ├─ /relics/art-of-war/index.html (+1ms) 
22:12:38   ├─ /relics/astrolabe/index.html (+1ms) 
22:12:38   ├─ /relics/bag-of-marbles/index.html (+1ms) 
22:12:38   ├─ /relics/bag-of-preparation/index.html (+1ms) 
22:12:38   ├─ /relics/beating-remnant/index.html (+1ms) 
22:12:38   ├─ /relics/beautiful-bracelet/index.html (+1ms) 
22:12:38   ├─ /relics/bellows/index.html (+1ms) 
22:12:38   ├─ /relics/belt-buckle/index.html (+1ms) 
22:12:38   ├─ /relics/big-hat/index.html (+1ms) 
22:12:38   ├─ /relics/big-mushroom/index.html (+1ms) 
22:12:38   ├─ /relics/biiig-hug/index.html (+1ms) 
22:12:38   ├─ /relics/bing-bong/index.html (+1ms) 
22:12:38   ├─ /relics/black-blood/index.html (+1ms) 
22:12:38   ├─ /relics/black-star/index.html (+1ms) 
22:12:38   ├─ /relics/blessed-antler/index.html (+1ms) 
22:12:38   ├─ /relics/blood-soaked-rose/index.html (+1ms) 
22:12:38   ├─ /relics/blood-vial/index.html (+1ms) 
22:12:38   ├─ /relics/blood-vial-fakebloodvial/index.html (+1ms) 
22:12:38   ├─ /relics/bone-flute/index.html (+1ms) 
22:12:38   ├─ /relics/bone-tea/index.html (+1ms) 
22:12:38   ├─ /relics/book-of-five-rings/index.html (+1ms) 
22:12:38   ├─ /relics/book-repair-knife/index.html (+1ms) 
22:12:38   ├─ /relics/bookmark/index.html (+1ms) 
22:12:38   ├─ /relics/booming-conch/index.html (+1ms) 
22:12:38   ├─ /relics/bound-phylactery/index.html (+1ms) 
22:12:38   ├─ /relics/bowler-hat/index.html (+1ms) 
22:12:38   ├─ /relics/bread/index.html (+1ms) 
22:12:38   ├─ /relics/brilliant-scarf/index.html (+1ms) 
22:12:38   ├─ /relics/brimstone/index.html (+1ms) 
22:12:38   ├─ /relics/bronze-scales/index.html (+1ms) 
22:12:38   ├─ /relics/burning-blood/index.html (+1ms) 
22:12:38   ├─ /relics/burning-sticks/index.html (+1ms) 
22:12:38   ├─ /relics/byrdpip/index.html (+1ms) 
22:12:38   ├─ /relics/calling-bell/index.html (+1ms) 
22:12:38   ├─ /relics/candelabra/index.html (+1ms) 
22:12:38   ├─ /relics/captain-s-wheel/index.html (+1ms) 
22:12:38   ├─ /relics/cauldron/index.html (+1ms) 
22:12:38   ├─ /relics/centennial-puzzle/index.html (+1ms) 
22:12:38   ├─ /relics/chandelier/index.html (+1ms) 
22:12:38   ├─ /relics/charon-s-ashes/index.html (+1ms) 
22:12:38   ├─ /relics/chemical-x/index.html (+1ms) 
22:12:38   ├─ /relics/choices-paradox/index.html (+1ms) 
22:12:38   ├─ /relics/circlet/index.html (+1ms) 
22:12:38   ├─ /relics/claws/index.html (+1ms) 
22:12:38   ├─ /relics/cloak-clasp/index.html (+1ms) 
22:12:38   ├─ /relics/cracked-core/index.html (+1ms) 
22:12:38   ├─ /relics/crossbow/index.html (+1ms) 
22:12:38   ├─ /relics/cursed-pearl/index.html (+1ms) 
22:12:38   ├─ /relics/darkstone-periapt/index.html (+1ms) 
22:12:38   ├─ /relics/data-disk/index.html (+1ms) 
22:12:38   ├─ /relics/daughter-of-the-wind/index.html (+1ms) 
22:12:38   ├─ /relics/delicate-frond/index.html (+1ms) 
22:12:38   ├─ /relics/demon-tongue/index.html (+1ms) 
22:12:38   ├─ /relics/deprecated-relic/index.html (+1ms) 
22:12:38   ├─ /relics/diamond-diadem/index.html (+1ms) 
22:12:38   ├─ /relics/dingy-rug/index.html (+1ms) 
22:12:38   ├─ /relics/distinguished-cape/index.html (+1ms) 
22:12:38   ├─ /relics/divine-destiny/index.html (+1ms) 
22:12:38   ├─ /relics/divine-right/index.html (+1ms) 
22:12:38   ├─ /relics/dolly-s-mirror/index.html (+1ms) 
22:12:38   ├─ /relics/dragon-fruit/index.html (+1ms) 
22:12:38   ├─ /relics/dream-catcher/index.html (+1ms) 
22:12:38   ├─ /relics/driftwood/index.html (+1ms) 
22:12:38   ├─ /relics/dusty-tome/index.html (+5ms) 
22:12:38   ├─ /relics/ectoplasm/index.html (+1ms) 
22:12:38   ├─ /relics/electric-shrymp/index.html (+1ms) 
22:12:38   ├─ /relics/ember-tea/index.html (+1ms) 
22:12:38   ├─ /relics/emotion-chip/index.html (+1ms) 
22:12:38   ├─ /relics/empty-cage/index.html (+1ms) 
22:12:38   ├─ /relics/eternal-feather/index.html (+1ms) 
22:12:38   ├─ /relics/fencing-manual/index.html (+1ms) 
22:12:38   ├─ /relics/festive-popper/index.html (+1ms) 
22:12:38   ├─ /relics/fiddle/index.html (+1ms) 
22:12:38   ├─ /relics/forgotten-soul/index.html (+1ms) 
22:12:38   ├─ /relics/fragrant-mushroom/index.html (+1ms) 
22:12:38   ├─ /relics/fresnel-lens/index.html (+1ms) 
22:12:38   ├─ /relics/frozen-egg/index.html (+1ms) 
22:12:38   ├─ /relics/funerary-mask/index.html (+1ms) 
22:12:38   ├─ /relics/fur-coat/index.html (+1ms) 
22:12:38   ├─ /relics/galactic-dust/index.html (+1ms) 
22:12:38   ├─ /relics/gambling-chip/index.html (+1ms) 
22:12:38   ├─ /relics/game-piece/index.html (+1ms) 
22:12:38   ├─ /relics/ghost-seed/index.html (+1ms) 
22:12:38   ├─ /relics/girya/index.html (+1ms) 
22:12:38   ├─ /relics/glass-eye/index.html (+1ms) 
22:12:38   ├─ /relics/glitter/index.html (+1ms) 
22:12:38   ├─ /relics/gnarled-hammer/index.html (+1ms) 
22:12:38   ├─ /relics/gold-plated-cables/index.html (+1ms) 
22:12:38   ├─ /relics/golden-compass/index.html (+1ms) 
22:12:38   ├─ /relics/golden-pearl/index.html (+1ms) 
22:12:38   ├─ /relics/gorget/index.html (+1ms) 
22:12:38   ├─ /relics/gremlin-horn/index.html (+1ms) 
22:12:38   ├─ /relics/hand-drill/index.html (+1ms) 
22:12:38   ├─ /relics/happy-flower/index.html (+1ms) 
22:12:38   ├─ /relics/happy-flower-happyflower/index.html (+1ms) 
22:12:38   ├─ /relics/hefty-tablet/index.html (+1ms) 
22:12:38   ├─ /relics/helical-dart/index.html (+1ms) 
22:12:38   ├─ /relics/history-course/index.html (+1ms) 
22:12:38   ├─ /relics/horn-cleat/index.html (+1ms) 
22:12:38   ├─ /relics/ice-cream/index.html (+1ms) 
22:12:38   ├─ /relics/infused-core/index.html (+1ms) 
22:12:38   ├─ /relics/intimidating-helmet/index.html (+1ms) 
22:12:38   ├─ /relics/iron-club/index.html (+1ms) 
22:12:38   ├─ /relics/ivory-tile/index.html (+1ms) 
22:12:38   ├─ /relics/jeweled-mask/index.html (+1ms) 
22:12:38   ├─ /relics/jewelry-box/index.html (+1ms) 
22:12:38   ├─ /relics/joss-paper/index.html (+1ms) 
22:12:38   ├─ /relics/juzu-bracelet/index.html (+1ms) 
22:12:38   ├─ /relics/kifuda/index.html (+1ms) 
22:12:38   ├─ /relics/kunai/index.html (+1ms) 
22:12:38   ├─ /relics/kusarigama/index.html (+1ms) 
22:12:38   ├─ /relics/lantern/index.html (+1ms) 
22:12:38   ├─ /relics/large-capsule/index.html (+1ms) 
22:12:38   ├─ /relics/lasting-candy/index.html (+1ms) 
22:12:38   ├─ /relics/lava-lamp/index.html (+1ms) 
22:12:38   ├─ /relics/lava-rock/index.html (+1ms) 
22:12:38   ├─ /relics/lead-paperweight/index.html (+1ms) 
22:12:38   ├─ /relics/leafy-poultice/index.html (+1ms) 
22:12:38   ├─ /relics/lee-s-waffle/index.html (+1ms) 
22:12:38   ├─ /relics/lee-s-waffle-leeswaffle/index.html (+1ms) 
22:12:38   ├─ /relics/letter-opener/index.html (+1ms) 
22:12:38   ├─ /relics/lizard-tail/index.html (+1ms) 
22:12:38   ├─ /relics/looming-fruit/index.html (+1ms) 
22:12:38   ├─ /relics/lord-s-parasol/index.html (+2ms) 
22:12:38   ├─ /relics/lost-coffer/index.html (+1ms) 
22:12:38   ├─ /relics/lost-wisp/index.html (+1ms) 
22:12:38   ├─ /relics/lucky-fysh/index.html (+1ms) 
22:12:38   ├─ /relics/lunar-pastry/index.html (+1ms) 
22:12:38   ├─ /relics/mango/index.html (+1ms) 
22:12:38   ├─ /relics/mango-mango/index.html (+1ms) 
22:12:38   ├─ /relics/massive-scroll/index.html (+1ms) 
22:12:38   ├─ /relics/maw-bank/index.html (+1ms) 
22:12:38   ├─ /relics/meal-ticket/index.html (+1ms) 
22:12:38   ├─ /relics/meat-cleaver/index.html (+1ms) 
22:12:38   ├─ /relics/meat-on-the-bone/index.html (+1ms) 
22:12:38   ├─ /relics/membership-card/index.html (+1ms) 
22:12:38   ├─ /relics/mercury-hourglass/index.html (+1ms) 
22:12:38   ├─ /relics/metronome/index.html (+1ms) 
22:12:38   ├─ /relics/mini-regent/index.html (+1ms) 
22:12:38   ├─ /relics/miniature-cannon/index.html (+1ms) 
22:12:38   ├─ /relics/miniature-tent/index.html (+1ms) 
22:12:38   ├─ /relics/molten-egg/index.html (+1ms) 
22:12:38   ├─ /relics/mr-struggles/index.html (+1ms) 
22:12:38   ├─ /relics/mummified-hand/index.html (+1ms) 
22:12:38   ├─ /relics/music-box/index.html (+1ms) 
22:12:38   ├─ /relics/mystic-lighter/index.html (+1ms) 
22:12:38   ├─ /relics/neow-s-talisman/index.html (+1ms) 
22:12:38   ├─ /relics/neow-s-torment/index.html (+1ms) 
22:12:38   ├─ /relics/new-leaf/index.html (+1ms) 
22:12:38   ├─ /relics/ninja-scroll/index.html (+1ms) 
22:12:38   ├─ /relics/nunchaku/index.html (+1ms) 
22:12:38   ├─ /relics/nutritious-oyster/index.html (+1ms) 
22:12:38   ├─ /relics/nutritious-soup/index.html (+1ms) 
22:12:38   ├─ /relics/oddly-smooth-stone/index.html (+1ms) 
22:12:38   ├─ /relics/old-coin/index.html (+1ms) 
22:12:38   ├─ /relics/orange-dough/index.html (+1ms) 
22:12:38   ├─ /relics/orichalcum/index.html (+1ms) 
22:12:38   ├─ /relics/orichalcum-orichalcum/index.html (+1ms) 
22:12:38   ├─ /relics/ornamental-fan/index.html (+1ms) 
22:12:38   ├─ /relics/orrery/index.html (+1ms) 
22:12:38   ├─ /relics/pael-s-blood/index.html (+1ms) 
22:12:38   ├─ /relics/pael-s-claw/index.html (+1ms) 
22:12:38   ├─ /relics/pael-s-eye/index.html (+1ms) 
22:12:38   ├─ /relics/pael-s-flesh/index.html (+1ms) 
22:12:38   ├─ /relics/pael-s-growth/index.html (+1ms) 
22:12:38   ├─ /relics/pael-s-horn/index.html (+1ms) 
22:12:38   ├─ /relics/pael-s-legion/index.html (+1ms) 
22:12:38   ├─ /relics/pael-s-tears/index.html (+1ms) 
22:12:38   ├─ /relics/pael-s-tooth/index.html (+1ms) 
22:12:38   ├─ /relics/pael-s-wing/index.html (+1ms) 
22:12:38   ├─ /relics/pandora-s-box/index.html (+1ms) 
22:12:38   ├─ /relics/pantograph/index.html (+1ms) 
22:12:38   ├─ /relics/paper-krane/index.html (+1ms) 
22:12:38   ├─ /relics/paper-phrog/index.html (+4ms) 
22:12:38   ├─ /relics/parrying-shield/index.html (+8ms) 
22:12:38   ├─ /relics/pear/index.html (+1ms) 
22:12:38   ├─ /relics/pen-nib/index.html (+1ms) 
22:12:38   ├─ /relics/pendulum/index.html (+1ms) 
22:12:38   ├─ /relics/permafrost/index.html (+1ms) 
22:12:38   ├─ /relics/petrified-toad/index.html (+1ms) 
22:12:38   ├─ /relics/philosopher-s-stone/index.html (+1ms) 
22:12:38   ├─ /relics/phylactery-unbound/index.html (+1ms) 
22:12:38   ├─ /relics/planisphere/index.html (+1ms) 
22:12:38   ├─ /relics/pocketwatch/index.html (+1ms) 
22:12:38   ├─ /relics/pollinous-core/index.html (+1ms) 
22:12:38   ├─ /relics/pomander/index.html (+1ms) 
22:12:38   ├─ /relics/potion-belt/index.html (+1ms) 
22:12:38   ├─ /relics/power-cell/index.html (+1ms) 
22:12:38   ├─ /relics/prayer-wheel/index.html (+1ms) 
22:12:38   ├─ /relics/precarious-shears/index.html (+1ms) 
22:12:38   ├─ /relics/precise-scissors/index.html (+1ms) 
22:12:38   ├─ /relics/preserved-fog/index.html (+1ms) 
22:12:38   ├─ /relics/prismatic-gem/index.html (+1ms) 
22:12:38   ├─ /relics/pumpkin-candle/index.html (+1ms) 
22:12:38   ├─ /relics/punch-dagger/index.html (+1ms) 
22:12:38   ├─ /relics/radiant-pearl/index.html (+1ms) 
22:12:38   ├─ /relics/rainbow-ring/index.html (+1ms) 
22:12:38   ├─ /relics/razor-tooth/index.html (+1ms) 
22:12:38   ├─ /relics/red-mask/index.html (+1ms) 
22:12:38   ├─ /relics/red-skull/index.html (+1ms) 
22:12:38   ├─ /relics/regal-pillow/index.html (+1ms) 
22:12:38   ├─ /relics/regalite/index.html (+1ms) 
22:12:38   ├─ /relics/reptile-trinket/index.html (+1ms) 
22:12:38   ├─ /relics/ring-of-the-drake/index.html (+1ms) 
22:12:38   ├─ /relics/ring-of-the-snake/index.html (+1ms) 
22:12:38   ├─ /relics/ringing-triangle/index.html (+1ms) 
22:12:38   ├─ /relics/ripple-basin/index.html (+1ms) 
22:12:38   ├─ /relics/royal-poison/index.html (+1ms) 
22:12:38   ├─ /relics/royal-stamp/index.html (+1ms) 
22:12:38   ├─ /relics/ruined-helmet/index.html (+1ms) 
22:12:38   ├─ /relics/runic-capacitor/index.html (+1ms) 
22:12:38   ├─ /relics/runic-pyramid/index.html (+1ms) 
22:12:38   ├─ /relics/sai/index.html (+1ms) 
22:12:38   ├─ /relics/sand-castle/index.html (+1ms) 
22:12:38   ├─ /relics/screaming-flagon/index.html (+1ms) 
22:12:38   ├─ /relics/scroll-boxes/index.html (+1ms) 
22:12:38   ├─ /relics/sea-glass/index.html (+1ms) 
22:12:38   ├─ /relics/seal-of-gold/index.html (+1ms) 
22:12:38   ├─ /relics/self-forming-clay/index.html (+1ms) 
22:12:38   ├─ /relics/sere-talon/index.html (+1ms) 
22:12:38   ├─ /relics/shovel/index.html (+1ms) 
22:12:38   ├─ /relics/shuriken/index.html (+1ms) 
22:12:38   ├─ /relics/signet-ring/index.html (+1ms) 
22:12:38   ├─ /relics/silver-crucible/index.html (+1ms) 
22:12:38   ├─ /relics/sling-of-courage/index.html (+1ms) 
22:12:38   ├─ /relics/small-capsule/index.html (+1ms) 
22:12:38   ├─ /relics/snecko-eye/index.html (+1ms) 
22:12:38   ├─ /relics/snecko-eye-sneckoeye/index.html (+1ms) 
22:12:38   ├─ /relics/snecko-skull/index.html (+1ms) 
22:12:38   ├─ /relics/sozu/index.html (+1ms) 
22:12:38   ├─ /relics/sparkling-rouge/index.html (+1ms) 
22:12:38   ├─ /relics/spiked-gauntlets/index.html (+1ms) 
22:12:38   ├─ /relics/stone-calendar/index.html (+1ms) 
22:12:38   ├─ /relics/stone-cracker/index.html (+1ms) 
22:12:38   ├─ /relics/stone-humidifier/index.html (+1ms) 
22:12:38   ├─ /relics/storybook/index.html (+1ms) 
22:12:38   ├─ /relics/strawberry/index.html (+1ms) 
22:12:38   ├─ /relics/strike-dummy/index.html (+1ms) 
22:12:38   ├─ /relics/strike-dummy-strikedummy/index.html (+1ms) 
22:12:38   ├─ /relics/sturdy-clamp/index.html (+1ms) 
22:12:38   ├─ /relics/sword-of-jade/index.html (+1ms) 
22:12:38   ├─ /relics/sword-of-stone/index.html (+1ms) 
22:12:38   ├─ /relics/symbiotic-virus/index.html (+1ms) 
22:12:38   ├─ /relics/tanx-s-whistle/index.html (+1ms) 
22:12:38   ├─ /relics/tea-of-discourtesy/index.html (+1ms) 
22:12:38   ├─ /relics/the-abacus/index.html (+1ms) 
22:12:38   ├─ /relics/the-boot/index.html (+1ms) 
22:12:38   ├─ /relics/the-chosen-cheese/index.html (+1ms) 
22:12:38   ├─ /relics/the-courier/index.html (+1ms) 
22:12:38   ├─ /relics/the-merchant-s-rug/index.html (+1ms) 
22:12:38   ├─ /relics/throwing-axe/index.html (+1ms) 
22:12:38   ├─ /relics/tingsha/index.html (+1ms) 
22:12:38   ├─ /relics/tiny-mailbox/index.html (+1ms) 
22:12:38   ├─ /relics/toasty-mittens/index.html (+1ms) 
22:12:38   ├─ /relics/toolbox/index.html (+1ms) 
22:12:38   ├─ /relics/touch-of-orobas/index.html (+1ms) 
22:12:38   ├─ /relics/tough-bandages/index.html (+1ms) 
22:12:38   ├─ /relics/toxic-egg/index.html (+1ms) 
22:12:38   ├─ /relics/toy-box/index.html (+1ms) 
22:12:38   ├─ /relics/tri-boomerang/index.html (+1ms) 
22:12:38   ├─ /relics/tungsten-rod/index.html (+1ms) 
22:12:38   ├─ /relics/tuning-fork/index.html (+1ms) 
22:12:38   ├─ /relics/twisted-funnel/index.html (+1ms) 
22:12:38   ├─ /relics/unceasing-top/index.html (+1ms) 
22:12:38   ├─ /relics/undying-sigil/index.html (+1ms) 
22:12:38   ├─ /relics/unsettling-lamp/index.html (+1ms) 
22:12:38   ├─ /relics/vajra/index.html (+1ms) 
22:12:38   ├─ /relics/vambrace/index.html (+1ms) 
22:12:38   ├─ /relics/velvet-choker/index.html (+1ms) 
22:12:38   ├─ /relics/venerable-tea-set/index.html (+1ms) 
22:12:38   ├─ /relics/venerable-tea-set-venerableteaset/index.html (+1ms) 
22:12:38   ├─ /relics/very-hot-cocoa/index.html (+1ms) 
22:12:38   ├─ /relics/vexing-puzzlebox/index.html (+1ms) 
22:12:38   ├─ /relics/vitruvian-minion/index.html (+1ms) 
22:12:38   ├─ /relics/war-hammer/index.html (+1ms) 
22:12:38   ├─ /relics/war-paint/index.html (+1ms) 
22:12:38   ├─ /relics/whetstone/index.html (+1ms) 
22:12:38   ├─ /relics/whispering-earring/index.html (+1ms) 
22:12:38   ├─ /relics/white-beast-statue/index.html (+1ms) 
22:12:38   ├─ /relics/white-star/index.html (+1ms) 
22:12:38   ├─ /relics/wing-charm/index.html (+1ms) 
22:12:38   ├─ /relics/wongo-customer-appreciation-badge/index.html (+1ms) 
22:12:38   ├─ /relics/wongo-s-mystery-ticket/index.html (+1ms) 
22:12:38   ├─ /relics/yummy-cookie/index.html (+1ms) 
22:12:38   ├─ /search-index.json (+11ms) 
22:12:38   ├─ /index.html (+9ms) 
22:12:38 ✓ Completed in 1.49s.

22:12:38 [build] ✓ Completed in 3.04s.
22:12:38 [build] 1577 page(s) built in 3.84s
22:12:38 [build] Complete!
