
> site@0.0.1 build
> astro build

20:31:26 [content] Syncing content
20:31:30 [content] Synced content
20:31:30 [types] Generated 7.98s
20:31:30 [build] output: "static"
20:31:30 [build] mode: "static"
20:31:30 [build] directory: /Users/drmaciver/Projects/sts2-wiki/site/dist/
20:31:30 [build] Collecting build info...
20:31:30 [build] ✓ Completed in 8.25s.
20:31:30 [build] Building static entrypoints...
20:31:46 [WARN] [vite] "matchHostname", "matchPathname", "matchPort" and "matchProtocol" are imported from external module "@astrojs/internal-helpers/remote" but never used in "node_modules/astro/dist/assets/utils/index.js".
20:31:47 [vite] ✓ built in 16.59s
20:31:49 [vite] ✓ built in 2.59s
20:31:49 [build] Rearranging server assets...

 generating static routes 
20:31:50   ├─ /404.html (+36ms) 
20:31:50   ├─ /acts/glory/index.html (+22ms) 
20:31:50   ├─ /acts/hive/index.html (+29ms) 
20:31:50   ├─ /acts/overgrowth/index.html (+35ms) 
20:31:50   ├─ /acts/underdocks/index.html (+19ms) 
20:31:50   ├─ /acts/index.html (+30ms) 
20:31:50   ├─ /ancients/index.html (+21ms) 
20:31:50   ├─ /ancients/darv/index.html (+16ms) 
20:31:50   ├─ /ancients/neow/index.html (+5ms) 
20:31:50   ├─ /ancients/nonupeipe/index.html (+12ms) 
20:31:50   ├─ /ancients/orobas/index.html (+4ms) 
20:31:50   ├─ /ancients/pael/index.html (+3ms) 
20:31:50   ├─ /ancients/tanx/index.html (+2ms) 
20:31:50   ├─ /ancients/tezcatara/index.html (+3ms) 
20:31:50   ├─ /ancients/vakuu/index.html (+5ms) 
20:31:50   ├─ /ascensions/index.html (+11ms) 
20:31:50   ├─ /ascensions/level-00/index.html (+10ms) 
20:31:50   ├─ /ascensions/level-01/index.html (+5ms) 
20:31:50   ├─ /ascensions/level-02/index.html (+5ms) 
20:31:50   ├─ /ascensions/level-03/index.html (+8ms) 
20:31:50   ├─ /ascensions/level-04/index.html (+11ms) 
20:31:50   ├─ /ascensions/level-05/index.html (+16ms) 
20:31:50   ├─ /ascensions/level-06/index.html (+5ms) 
20:31:50   ├─ /ascensions/level-07/index.html (+7ms) 
20:31:50   ├─ /ascensions/level-08/index.html (+16ms) 
20:31:50   ├─ /ascensions/level-09/index.html (+21ms) 
20:31:50   ├─ /ascensions/level-10/index.html (+17ms) 
20:31:50   ├─ /cards/index.html (+93ms) 
20:31:51   ├─ /cards/abrasive/index.html (+18ms) 
20:31:51   ├─ /cards/accelerant/index.html (+8ms) 
20:31:51   ├─ /cards/accuracy/index.html (+5ms) 
20:31:51   ├─ /cards/acrobatics/index.html (+7ms) 
20:31:51   ├─ /cards/adaptive-strike/index.html (+7ms) 
20:31:51   ├─ /cards/adrenaline/index.html (+16ms) 
20:31:51   ├─ /cards/afterimage/index.html (+8ms) 
20:31:51   ├─ /cards/afterlife/index.html (+7ms) 
20:31:51   ├─ /cards/aggression/index.html (+5ms) 
20:31:51   ├─ /cards/alchemize/index.html (+3ms) 
20:31:51   ├─ /cards/alignment/index.html (+7ms) 
20:31:51   ├─ /cards/all-for-one/index.html (+4ms) 
20:31:51   ├─ /cards/anger/index.html (+8ms) 
20:31:51   ├─ /cards/anointed/index.html (+13ms) 
20:31:51   ├─ /cards/anticipate/index.html (+10ms) 
20:31:51   ├─ /cards/apotheosis/index.html (+8ms) 
20:31:51   ├─ /cards/apparition/index.html (+5ms) 
20:31:51   ├─ /cards/armaments/index.html (+8ms) 
20:31:51   ├─ /cards/arsenal/index.html (+4ms) 
20:31:51   ├─ /cards/ascender-s-bane/index.html (+10ms) 
20:31:51   ├─ /cards/ashen-strike/index.html (+6ms) 
20:31:51   ├─ /cards/assassinate/index.html (+18ms) 
20:31:51   ├─ /cards/astral-pulse/index.html (+9ms) 
20:31:51   ├─ /cards/automation/index.html (+8ms) 
20:31:51   ├─ /cards/backflip/index.html (+7ms) 
20:31:51   ├─ /cards/backstab/index.html (+7ms) 
20:31:51   ├─ /cards/bad-luck/index.html (+4ms) 
20:31:51   ├─ /cards/ball-lightning/index.html (+4ms) 
20:31:51   ├─ /cards/banshee-s-cry/index.html (+10ms) 
20:31:51   ├─ /cards/barrage/index.html (+7ms) 
20:31:51   ├─ /cards/barricade/index.html (+8ms) 
20:31:51   ├─ /cards/bash/index.html (+6ms) 
20:31:51   ├─ /cards/battle-trance/index.html (+5ms) 
20:31:51   ├─ /cards/beacon-of-hope/index.html (+5ms) 
20:31:51   ├─ /cards/beam-cell/index.html (+3ms) 
20:31:51   ├─ /cards/beat-down/index.html (+5ms) 
20:31:51   ├─ /cards/beat-into-shape/index.html (+8ms) 
20:31:51   ├─ /cards/beckon/index.html (+10ms) 
20:31:51   ├─ /cards/begone/index.html (+7ms) 
20:31:51   ├─ /cards/believe-in-you/index.html (+11ms) 
20:31:51   ├─ /cards/biased-cognition/index.html (+7ms) 
20:31:51   ├─ /cards/big-bang/index.html (+15ms) 
20:31:51   ├─ /cards/black-hole/index.html (+9ms) 
20:31:51   ├─ /cards/blade-dance/index.html (+7ms) 
20:31:51   ├─ /cards/blade-of-ink/index.html (+10ms) 
20:31:51   ├─ /cards/blight-strike/index.html (+4ms) 
20:31:51   ├─ /cards/blood-wall/index.html (+4ms) 
20:31:51   ├─ /cards/bloodletting/index.html (+7ms) 
20:31:51   ├─ /cards/bludgeon/index.html (+9ms) 
20:31:51   ├─ /cards/blur/index.html (+3ms) 
20:31:51   ├─ /cards/body-slam/index.html (+4ms) 
20:31:51   ├─ /cards/bodyguard/index.html (+4ms) 
20:31:51   ├─ /cards/bolas/index.html (+14ms) 
20:31:51   ├─ /cards/bombardment/index.html (+10ms) 
20:31:51   ├─ /cards/bone-shards/index.html (+10ms) 
20:31:51   ├─ /cards/boost-away/index.html (+7ms) 
20:31:51   ├─ /cards/boot-sequence/index.html (+7ms) 
20:31:51   ├─ /cards/borrowed-time/index.html (+5ms) 
20:31:51   ├─ /cards/bouncing-flask/index.html (+6ms) 
20:31:51   ├─ /cards/brand/index.html (+15ms) 
20:31:51   ├─ /cards/break/index.html (+5ms) 
20:31:51   ├─ /cards/breakthrough/index.html (+7ms) 
20:31:51   ├─ /cards/brightest-flame/index.html (+12ms) 
20:31:51   ├─ /cards/bubble-bubble/index.html (+15ms) 
20:31:51   ├─ /cards/buffer/index.html (+16ms) 
20:31:51   ├─ /cards/bulk-up/index.html (+21ms) 
20:31:51   ├─ /cards/bullet-time/index.html (+13ms) 
20:31:51   ├─ /cards/bully/index.html (+11ms) 
20:31:51   ├─ /cards/bulwark/index.html (+14ms) 
20:31:51   ├─ /cards/bundle-of-joy/index.html (+15ms) 
20:31:51   ├─ /cards/burn/index.html (+5ms) 
20:31:51   ├─ /cards/burning-pact/index.html (+10ms) 
20:31:51   ├─ /cards/burst/index.html (+12ms) 
20:31:51   ├─ /cards/bury/index.html (+7ms) 
20:31:51   ├─ /cards/byrd-swoop/index.html (+14ms) 
20:31:51   ├─ /cards/byrdonis-egg/index.html (+17ms) 
20:31:51   ├─ /cards/calamity/index.html (+16ms) 
20:31:51   ├─ /cards/calcify/index.html (+11ms) 
20:31:51   ├─ /cards/calculated-gamble/index.html (+7ms) 
20:31:51   ├─ /cards/call-of-the-void/index.html (+11ms) 
20:31:51   ├─ /cards/caltrops/index.html (+10ms) 
20:31:51   ├─ /cards/capacitor/index.html (+11ms) 
20:31:51   ├─ /cards/capture-spirit/index.html (+5ms) 
20:31:51   ├─ /cards/cascade/index.html (+9ms) 
20:31:51   ├─ /cards/catastrophe/index.html (+9ms) 
20:31:51   ├─ /cards/celestial-might/index.html (+6ms) 
20:31:51   ├─ /cards/chaos/index.html (+15ms) 
20:31:51   ├─ /cards/charge/index.html (+12ms) 
20:31:51   ├─ /cards/charge-battery/index.html (+43ms) 
20:31:51   ├─ /cards/child-of-the-stars/index.html (+12ms) 
20:31:51   ├─ /cards/chill/index.html (+8ms) 
20:31:51   ├─ /cards/cinder/index.html (+26ms) 
20:31:51   ├─ /cards/clash/index.html (+4ms) 
20:31:51   ├─ /cards/claw/index.html (+4ms) 
20:31:51   ├─ /cards/cleanse/index.html (+11ms) 
20:31:51   ├─ /cards/cloak-and-dagger/index.html (+13ms) 
20:31:51   ├─ /cards/cloak-of-stars/index.html (+4ms) 
20:31:51   ├─ /cards/clumsy/index.html (+4ms) 
20:31:51   ├─ /cards/cold-snap/index.html (+9ms) 
20:31:51   ├─ /cards/collision-course/index.html (+12ms) 
20:31:51   ├─ /cards/colossus/index.html (+4ms) 
20:31:51   ├─ /cards/comet/index.html (+12ms) 
20:31:51   ├─ /cards/compact/index.html (+5ms) 
20:31:51   ├─ /cards/compile-driver/index.html (+19ms) 
20:31:51   ├─ /cards/conflagration/index.html (+11ms) 
20:31:51   ├─ /cards/conqueror/index.html (+17ms) 
20:31:52   ├─ /cards/consuming-shadow/index.html (+14ms) 
20:31:52   ├─ /cards/convergence/index.html (+22ms) 
20:31:52   ├─ /cards/coolant/index.html (+17ms) 
20:31:52   ├─ /cards/coolheaded/index.html (+12ms) 
20:31:52   ├─ /cards/coordinate/index.html (+10ms) 
20:31:52   ├─ /cards/corrosive-wave/index.html (+19ms) 
20:31:52   ├─ /cards/corruption/index.html (+7ms) 
20:31:52   ├─ /cards/cosmic-indifference/index.html (+37ms) 
20:31:52   ├─ /cards/countdown/index.html (+5ms) 
20:31:52   ├─ /cards/crash-landing/index.html (+6ms) 
20:31:52   ├─ /cards/creative-ai/index.html (+11ms) 
20:31:52   ├─ /cards/crescent-spear/index.html (+5ms) 
20:31:52   ├─ /cards/crimson-mantle/index.html (+3ms) 
20:31:52   ├─ /cards/cruelty/index.html (+15ms) 
20:31:52   ├─ /cards/crush-under/index.html (+4ms) 
20:31:52   ├─ /cards/curse-of-the-bell/index.html (+4ms) 
20:31:52   ├─ /cards/dagger-spray/index.html (+4ms) 
20:31:52   ├─ /cards/dagger-throw/index.html (+4ms) 
20:31:52   ├─ /cards/danse-macabre/index.html (+7ms) 
20:31:52   ├─ /cards/dark-embrace/index.html (+14ms) 
20:31:52   ├─ /cards/dark-shackles/index.html (+9ms) 
20:31:52   ├─ /cards/darkness/index.html (+12ms) 
20:31:52   ├─ /cards/dash/index.html (+7ms) 
20:31:52   ├─ /cards/dazed/index.html (+4ms) 
20:31:52   ├─ /cards/deadly-poison/index.html (+3ms) 
20:31:52   ├─ /cards/death-march/index.html (+6ms) 
20:31:52   ├─ /cards/death-s-door/index.html (+6ms) 
20:31:52   ├─ /cards/deathbringer/index.html (+10ms) 
20:31:52   ├─ /cards/debilitate/index.html (+4ms) 
20:31:52   ├─ /cards/debris/index.html (+3ms) 
20:31:52   ├─ /cards/debt/index.html (+6ms) 
20:31:52   ├─ /cards/decay/index.html (+9ms) 
20:31:52   ├─ /cards/decisions-decisions/index.html (+4ms) 
20:31:52   ├─ /cards/defend/index.html (+8ms) 
20:31:52   ├─ /cards/defend-ironclad/index.html (+6ms) 
20:31:52   ├─ /cards/defend-necrobinder/index.html (+15ms) 
20:31:52   ├─ /cards/defend-regent/index.html (+9ms) 
20:31:52   ├─ /cards/defend-silent/index.html (+9ms) 
20:31:52   ├─ /cards/defile/index.html (+22ms) 
20:31:52   ├─ /cards/deflect/index.html (+18ms) 
20:31:52   ├─ /cards/defragment/index.html (+15ms) 
20:31:52   ├─ /cards/defy/index.html (+10ms) 
20:31:52   ├─ /cards/delay/index.html (+17ms) 
20:31:52   ├─ /cards/demesne/index.html (+16ms) 
20:31:52   ├─ /cards/demon-form/index.html (+12ms) 
20:31:52   ├─ /cards/demonic-shield/index.html (+84ms) 
20:31:52   ├─ /cards/devastate/index.html (+8ms) 
20:31:52   ├─ /cards/devour-life/index.html (+10ms) 
20:31:52   ├─ /cards/dirge/index.html (+13ms) 
20:31:52   ├─ /cards/discovery/index.html (+8ms) 
20:31:52   ├─ /cards/disintegration/index.html (+5ms) 
20:31:52   ├─ /cards/dismantle/index.html (+12ms) 
20:31:52   ├─ /cards/distraction/index.html (+22ms) 
20:31:52   ├─ /cards/dodge-and-roll/index.html (+17ms) 
20:31:52   ├─ /cards/dominate/index.html (+15ms) 
20:31:52   ├─ /cards/double-energy/index.html (+14ms) 
20:31:52   ├─ /cards/doubt/index.html (+6ms) 
20:31:52   ├─ /cards/drain-power/index.html (+12ms) 
20:31:52   ├─ /cards/dramatic-entrance/index.html (+10ms) 
20:31:52   ├─ /cards/dredge/index.html (+7ms) 
20:31:52   ├─ /cards/drum-of-battle/index.html (+8ms) 
20:31:52   ├─ /cards/dual-wield/index.html (+19ms) 
20:31:52   ├─ /cards/dualcast/index.html (+13ms) 
20:31:52   ├─ /cards/dying-star/index.html (+9ms) 
20:31:52   ├─ /cards/echo-form/index.html (+13ms) 
20:31:52   ├─ /cards/echoing-slash/index.html (+7ms) 
20:31:52   ├─ /cards/eidolon/index.html (+10ms) 
20:31:52   ├─ /cards/end-of-days/index.html (+8ms) 
20:31:52   ├─ /cards/energy-surge/index.html (+6ms) 
20:31:52   ├─ /cards/enfeebling-touch/index.html (+15ms) 
20:31:52   ├─ /cards/enlightenment/index.html (+17ms) 
20:31:52   ├─ /cards/enthralled/index.html (+22ms) 
20:31:52   ├─ /cards/entrench/index.html (+23ms) 
20:31:52   ├─ /cards/entropy/index.html (+17ms) 
20:31:52   ├─ /cards/envenom/index.html (+20ms) 
20:31:52   ├─ /cards/equilibrium/index.html (+13ms) 
20:31:52   ├─ /cards/eradicate/index.html (+16ms) 
20:31:52   ├─ /cards/escape-plan/index.html (+17ms) 
20:31:52   ├─ /cards/eternal-armor/index.html (+38ms) 
20:31:53   ├─ /cards/evil-eye/index.html (+28ms) 
20:31:53   ├─ /cards/expect-a-fight/index.html (+3ms) 
20:31:53   ├─ /cards/expertise/index.html (+20ms) 
20:31:53   ├─ /cards/expose/index.html (+6ms) 
20:31:53   ├─ /cards/exterminate/index.html (+17ms) 
20:31:53   ├─ /cards/falling-star/index.html (+6ms) 
20:31:53   ├─ /cards/fan-of-knives/index.html (+7ms) 
20:31:53   ├─ /cards/fasten/index.html (+19ms) 
20:31:53   ├─ /cards/fear/index.html (+12ms) 
20:31:53   ├─ /cards/feed/index.html (+14ms) 
20:31:53   ├─ /cards/feeding-frenzy/index.html (+16ms) 
20:31:53   ├─ /cards/feel-no-pain/index.html (+29ms) 
20:31:53   ├─ /cards/feral/index.html (+35ms) 
20:31:53   ├─ /cards/fetch/index.html (+29ms) 
20:31:53   ├─ /cards/fiend-fire/index.html (+24ms) 
20:31:53   ├─ /cards/fight-me/index.html (+9ms) 
20:31:53   ├─ /cards/fight-through/index.html (+31ms) 
20:31:53   ├─ /cards/finesse/index.html (+40ms) 
20:31:53   ├─ /cards/finisher/index.html (+54ms) 
20:31:53   ├─ /cards/fisticuffs/index.html (+25ms) 
20:31:53   ├─ /cards/flak-cannon/index.html (+13ms) 
20:31:53   ├─ /cards/flame-barrier/index.html (+20ms) 
20:31:53   ├─ /cards/flanking/index.html (+27ms) 
20:31:53   ├─ /cards/flash-of-steel/index.html (+35ms) 
20:31:53   ├─ /cards/flatten/index.html (+15ms) 
20:31:53   ├─ /cards/flechettes/index.html (+15ms) 
20:31:53   ├─ /cards/flick-flack/index.html (+15ms) 
20:31:53   ├─ /cards/focused-strike/index.html (+5ms) 
20:31:53   ├─ /cards/follow-through/index.html (+16ms) 
20:31:53   ├─ /cards/folly/index.html (+9ms) 
20:31:53   ├─ /cards/footwork/index.html (+41ms) 
20:31:53   ├─ /cards/forbidden-grimoire/index.html (+22ms) 
20:31:53   ├─ /cards/foregone-conclusion/index.html (+20ms) 
20:31:53   ├─ /cards/forgotten-ritual/index.html (+30ms) 
20:31:53   ├─ /cards/frantic-escape/index.html (+27ms) 
20:31:53   ├─ /cards/friendship/index.html (+25ms) 
20:31:53   ├─ /cards/ftl/index.html (+26ms) 
20:31:53   ├─ /cards/fuel/index.html (+28ms) 
20:31:53   ├─ /cards/furnace/index.html (+32ms) 
20:31:53   ├─ /cards/fusion/index.html (+18ms) 
20:31:53   ├─ /cards/gamma-blast/index.html (+11ms) 
20:31:53   ├─ /cards/gang-up/index.html (+24ms) 
20:31:53   ├─ /cards/gather-light/index.html (+35ms) 
20:31:53   ├─ /cards/genesis/index.html (+13ms) 
20:31:53   ├─ /cards/genetic-algorithm/index.html (+22ms) 
20:31:53   ├─ /cards/giant-rock/index.html (+9ms) 
20:31:53   ├─ /cards/glacier/index.html (+8ms) 
20:31:54   ├─ /cards/glasswork/index.html (+20ms) 
20:31:54   ├─ /cards/glimmer/index.html (+26ms) 
20:31:54   ├─ /cards/glimpse-beyond/index.html (+23ms) 
20:31:54   ├─ /cards/glitterstream/index.html (+27ms) 
20:31:54   ├─ /cards/glow/index.html (+20ms) 
20:31:54   ├─ /cards/go-for-the-eyes/index.html (+16ms) 
20:31:54   ├─ /cards/gold-axe/index.html (+21ms) 
20:31:54   ├─ /cards/grand-finale/index.html (+7ms) 
20:31:54   ├─ /cards/grapple/index.html (+8ms) 
20:31:54   ├─ /cards/grave-warden/index.html (+11ms) 
20:31:54   ├─ /cards/graveblast/index.html (+12ms) 
20:31:54   ├─ /cards/greed/index.html (+7ms) 
20:31:54   ├─ /cards/guards/index.html (+4ms) 
20:31:54   ├─ /cards/guiding-star/index.html (+23ms) 
20:31:54   ├─ /cards/guilty/index.html (+6ms) 
20:31:54   ├─ /cards/gunk-up/index.html (+16ms) 
20:31:54   ├─ /cards/hailstorm/index.html (+24ms) 
20:31:54   ├─ /cards/hammer-time/index.html (+24ms) 
20:31:54   ├─ /cards/hand-of-greed/index.html (+22ms) 
20:31:54   ├─ /cards/hand-trick/index.html (+30ms) 
20:31:54   ├─ /cards/hang/index.html (+13ms) 
20:31:54   ├─ /cards/haunt/index.html (+21ms) 
20:31:54   ├─ /cards/havoc/index.html (+20ms) 
20:31:54   ├─ /cards/haze/index.html (+24ms) 
20:31:54   ├─ /cards/headbutt/index.html (+34ms) 
20:31:54   ├─ /cards/heavenly-drill/index.html (+36ms) 
20:31:54   ├─ /cards/hegemony/index.html (+26ms) 
20:31:54   ├─ /cards/heirloom-hammer/index.html (+6ms) 
20:31:54   ├─ /cards/helix-drill/index.html (+6ms) 
20:31:54   ├─ /cards/hello-world/index.html (+28ms) 
20:31:54   ├─ /cards/hellraiser/index.html (+20ms) 
20:31:54   ├─ /cards/hemokinesis/index.html (+13ms) 
20:31:54   ├─ /cards/hidden-cache/index.html (+4ms) 
20:31:54   ├─ /cards/hidden-daggers/index.html (+12ms) 
20:31:54   ├─ /cards/hidden-gem/index.html (+8ms) 
20:31:54   ├─ /cards/high-five/index.html (+16ms) 
20:31:54   ├─ /cards/hologram/index.html (+29ms) 
20:31:54   ├─ /cards/hotfix/index.html (+28ms) 
20:31:54   ├─ /cards/howl-from-beyond/index.html (+25ms) 
20:31:54   ├─ /cards/huddle-up/index.html (+25ms) 
20:31:54   ├─ /cards/hyperbeam/index.html (+31ms) 
20:31:54   ├─ /cards/i-am-invincible/index.html (+3ms) 
20:31:54   ├─ /cards/ice-lance/index.html (+13ms) 
20:31:54   ├─ /cards/ignition/index.html (+17ms) 
20:31:54   ├─ /cards/impatience/index.html (+4ms) 
20:31:54   ├─ /cards/impervious/index.html (+4ms) 
20:31:54   ├─ /cards/infection/index.html (+12ms) 
20:31:54   ├─ /cards/infernal-blade/index.html (+15ms) 
20:31:54   ├─ /cards/inferno/index.html (+18ms) 
20:31:54   ├─ /cards/infinite-blades/index.html (+32ms) 
20:31:54   ├─ /cards/inflame/index.html (+39ms) 
20:31:54   ├─ /cards/injury/index.html (+23ms) 
20:31:54   ├─ /cards/intercept/index.html (+16ms) 
20:31:54   ├─ /cards/invoke/index.html (+32ms) 
20:31:55   ├─ /cards/iron-wave/index.html (+26ms) 
20:31:55   ├─ /cards/iteration/index.html (+33ms) 
20:31:55   ├─ /cards/jack-of-all-trades/index.html (+25ms) 
20:31:55   ├─ /cards/jackpot/index.html (+34ms) 
20:31:55   ├─ /cards/juggernaut/index.html (+10ms) 
20:31:55   ├─ /cards/juggling/index.html (+5ms) 
20:31:55   ├─ /cards/kingly-kick/index.html (+34ms) 
20:31:55   ├─ /cards/kingly-punch/index.html (+38ms) 
20:31:55   ├─ /cards/knife-trap/index.html (+13ms) 
20:31:55   ├─ /cards/knockdown/index.html (+8ms) 
20:31:55   ├─ /cards/knockout-blow/index.html (+8ms) 
20:31:55   ├─ /cards/know-thy-place/index.html (+15ms) 
20:31:55   ├─ /cards/lantern-key/index.html (+25ms) 
20:31:55   ├─ /cards/largesse/index.html (+25ms) 
20:31:55   ├─ /cards/leading-strike/index.html (+30ms) 
20:31:55   ├─ /cards/leap/index.html (+34ms) 
20:31:55   ├─ /cards/leg-sweep/index.html (+52ms) 
20:31:55   ├─ /cards/legion-of-bone/index.html (+21ms) 
20:31:55   ├─ /cards/lethality/index.html (+19ms) 
20:31:55   ├─ /cards/lift/index.html (+12ms) 
20:31:55   ├─ /cards/lightning-rod/index.html (+4ms) 
20:31:55   ├─ /cards/loop/index.html (+3ms) 
20:31:55   ├─ /cards/luminesce/index.html (+3ms) 
20:31:55   ├─ /cards/lunar-blast/index.html (+10ms) 
20:31:55   ├─ /cards/machine-learning/index.html (+30ms) 
20:31:55   ├─ /cards/make-it-so/index.html (+22ms) 
20:31:55   ├─ /cards/malaise/index.html (+11ms) 
20:31:55   ├─ /cards/mangle/index.html (+24ms) 
20:31:55   ├─ /cards/manifest-authority/index.html (+27ms) 
20:31:55   ├─ /cards/master-of-strategy/index.html (+18ms) 
20:31:55   ├─ /cards/master-planner/index.html (+24ms) 
20:31:55   ├─ /cards/maul/index.html (+16ms) 
20:31:55   ├─ /cards/mayhem/index.html (+13ms) 
20:31:55   ├─ /cards/melancholy/index.html (+12ms) 
20:31:55   ├─ /cards/memento-mori/index.html (+4ms) 
20:31:55   ├─ /cards/metamorphosis/index.html (+74ms) 
20:31:55   ├─ /cards/meteor-shower/index.html (+50ms) 
20:31:55   ├─ /cards/meteor-strike/index.html (+85ms) 
20:31:55   ├─ /cards/mimic/index.html (+47ms) 
20:31:55   ├─ /cards/mind-blast/index.html (+30ms) 
20:31:55   ├─ /cards/mind-rot/index.html (+46ms) 
20:31:56   ├─ /cards/minion-dive-bomb/index.html (+15ms) 
20:31:56   ├─ /cards/minion-sacrifice/index.html (+15ms) 
20:31:56   ├─ /cards/minion-strike/index.html (+17ms) 
20:31:56   ├─ /cards/mirage/index.html (+3ms) 
20:31:56   ├─ /cards/misery/index.html (+6ms) 
20:31:56   ├─ /cards/modded/index.html (+32ms) 
20:31:56   ├─ /cards/molten-fist/index.html (+16ms) 
20:31:56   ├─ /cards/momentum-strike/index.html (+28ms) 
20:31:56   ├─ /cards/monarch-s-gaze/index.html (+35ms) 
20:31:56   ├─ /cards/monologue/index.html (+44ms) 
20:31:56   ├─ /cards/multi-cast/index.html (+17ms) 
20:31:56   ├─ /cards/murder/index.html (+22ms) 
20:31:56   ├─ /cards/necro-mastery/index.html (+4ms) 
20:31:56   ├─ /cards/negative-pulse/index.html (+25ms) 
20:31:56   ├─ /cards/neow-s-fury/index.html (+23ms) 
20:31:56   ├─ /cards/neurosurge/index.html (+5ms) 
20:31:56   ├─ /cards/neutralize/index.html (+12ms) 
20:31:56   ├─ /cards/neutron-aegis/index.html (+24ms) 
20:31:56   ├─ /cards/nightmare/index.html (+38ms) 
20:31:56   ├─ /cards/no-escape/index.html (+20ms) 
20:31:56   ├─ /cards/normality/index.html (+26ms) 
20:31:56   ├─ /cards/nostalgia/index.html (+29ms) 
20:31:56   ├─ /cards/noxious-fumes/index.html (+22ms) 
20:31:56   ├─ /cards/null/index.html (+11ms) 
20:31:56   ├─ /cards/oblivion/index.html (+15ms) 
20:31:56   ├─ /cards/offering/index.html (+19ms) 
20:31:56   ├─ /cards/omnislice/index.html (+16ms) 
20:31:56   ├─ /cards/one-two-punch/index.html (+6ms) 
20:31:56   ├─ /cards/orbit/index.html (+5ms) 
20:31:56   ├─ /cards/outbreak/index.html (+20ms) 
20:31:56   ├─ /cards/outmaneuver/index.html (+5ms) 
20:31:56   ├─ /cards/overclock/index.html (+3ms) 
20:31:56   ├─ /cards/pact-s-end/index.html (+152ms) 
20:31:56   ├─ /cards/pagestorm/index.html (+21ms) 
20:31:56   ├─ /cards/pale-blue-dot/index.html (+12ms) 
20:31:56   ├─ /cards/panache/index.html (+12ms) 
20:31:56   ├─ /cards/panic-button/index.html (+20ms) 
20:31:56   ├─ /cards/parry/index.html (+19ms) 
20:31:56   ├─ /cards/parse/index.html (+12ms) 
20:31:56   ├─ /cards/particle-wall/index.html (+8ms) 
20:31:56   ├─ /cards/patter/index.html (+5ms) 
20:31:56   ├─ /cards/peck/index.html (+8ms) 
20:31:56   ├─ /cards/perfected-strike/index.html (+12ms) 
20:31:56   ├─ /cards/phantom-blades/index.html (+14ms) 
20:31:56   ├─ /cards/photon-cut/index.html (+9ms) 
20:31:56   ├─ /cards/piercing-wail/index.html (+13ms) 
20:31:56   ├─ /cards/pillage/index.html (+15ms) 
20:31:56   ├─ /cards/pillar-of-creation/index.html (+11ms) 
20:31:56   ├─ /cards/pinpoint/index.html (+21ms) 
20:31:56   ├─ /cards/poisoned-stab/index.html (+18ms) 
20:31:56   ├─ /cards/poke/index.html (+15ms) 
20:31:57   ├─ /cards/pommel-strike/index.html (+19ms) 
20:31:57   ├─ /cards/poor-sleep/index.html (+17ms) 
20:31:57   ├─ /cards/pounce/index.html (+32ms) 
20:31:57   ├─ /cards/precise-cut/index.html (+28ms) 
20:31:57   ├─ /cards/predator/index.html (+30ms) 
20:31:57   ├─ /cards/prep-time/index.html (+31ms) 
20:31:57   ├─ /cards/prepared/index.html (+11ms) 
20:31:57   ├─ /cards/primal-force/index.html (+29ms) 
20:31:57   ├─ /cards/production/index.html (+41ms) 
20:31:57   ├─ /cards/prolong/index.html (+14ms) 
20:31:57   ├─ /cards/prophesize/index.html (+18ms) 
20:31:57   ├─ /cards/protector/index.html (+22ms) 
20:31:57   ├─ /cards/prowess/index.html (+19ms) 
20:31:57   ├─ /cards/pull-aggro/index.html (+21ms) 
20:31:57   ├─ /cards/pull-from-below/index.html (+27ms) 
20:31:57   ├─ /cards/purity/index.html (+19ms) 
20:31:57   ├─ /cards/putrefy/index.html (+13ms) 
20:31:57   ├─ /cards/pyre/index.html (+17ms) 
20:31:57   ├─ /cards/quadcast/index.html (+8ms) 
20:31:57   ├─ /cards/quasar/index.html (+12ms) 
20:31:57   ├─ /cards/radiate/index.html (+5ms) 
20:31:57   ├─ /cards/rage/index.html (+4ms) 
20:31:57   ├─ /cards/rainbow/index.html (+8ms) 
20:31:57   ├─ /cards/rally/index.html (+6ms) 
20:31:57   ├─ /cards/rampage/index.html (+7ms) 
20:31:57   ├─ /cards/rattle/index.html (+8ms) 
20:31:57   ├─ /cards/reanimate/index.html (+5ms) 
20:31:57   ├─ /cards/reap/index.html (+11ms) 
20:31:57   ├─ /cards/reaper-form/index.html (+33ms) 
20:31:57   ├─ /cards/reave/index.html (+25ms) 
20:31:57   ├─ /cards/reboot/index.html (+29ms) 
20:31:57   ├─ /cards/rebound/index.html (+17ms) 
20:31:57   ├─ /cards/refine-blade/index.html (+21ms) 
20:31:57   ├─ /cards/reflect/index.html (+18ms) 
20:31:57   ├─ /cards/reflex/index.html (+18ms) 
20:31:57   ├─ /cards/refract/index.html (+32ms) 
20:31:57   ├─ /cards/regret/index.html (+27ms) 
20:31:57   ├─ /cards/relax/index.html (+20ms) 
20:31:57   ├─ /cards/rend/index.html (+16ms) 
20:31:57   ├─ /cards/resonance/index.html (+28ms) 
20:31:57   ├─ /cards/restlessness/index.html (+23ms) 
20:31:57   ├─ /cards/ricochet/index.html (+34ms) 
20:31:57   ├─ /cards/right-hand-hand/index.html (+22ms) 
20:31:57   ├─ /cards/rip-and-tear/index.html (+29ms) 
20:31:57   ├─ /cards/rocket-punch/index.html (+16ms) 
20:31:57   ├─ /cards/rolling-boulder/index.html (+71ms) 
20:31:57   ├─ /cards/royal-gamble/index.html (+18ms) 
20:31:57   ├─ /cards/royalties/index.html (+63ms) 
20:31:58   ├─ /cards/rupture/index.html (+29ms) 
20:31:58   ├─ /cards/sacrifice/index.html (+5ms) 
20:31:58   ├─ /cards/salvo/index.html (+7ms) 
20:31:58   ├─ /cards/scavenge/index.html (+46ms) 
20:31:58   ├─ /cards/scourge/index.html (+28ms) 
20:31:58   ├─ /cards/scrape/index.html (+49ms) 
20:31:58   ├─ /cards/scrawl/index.html (+31ms) 
20:31:58   ├─ /cards/sculpting-strike/index.html (+26ms) 
20:31:58   ├─ /cards/seance/index.html (+25ms) 
20:31:58   ├─ /cards/second-wind/index.html (+12ms) 
20:31:58   ├─ /cards/secret-technique/index.html (+61ms) 
20:31:58   ├─ /cards/secret-weapon/index.html (+26ms) 
20:31:58   ├─ /cards/seeker-strike/index.html (+6ms) 
20:31:58   ├─ /cards/seeking-edge/index.html (+31ms) 
20:31:58   ├─ /cards/sentry-mode/index.html (+22ms) 
20:31:58   ├─ /cards/serpent-form/index.html (+7ms) 
20:31:58   ├─ /cards/setup-strike/index.html (+5ms) 
20:31:58   ├─ /cards/seven-stars/index.html (+12ms) 
20:31:58   ├─ /cards/severance/index.html (+16ms) 
20:31:58   ├─ /cards/shadow-shield/index.html (+25ms) 
20:31:58   ├─ /cards/shadow-step/index.html (+3ms) 
20:31:58   ├─ /cards/shadowmeld/index.html (+43ms) 
20:31:58   ├─ /cards/shame/index.html (+30ms) 
20:31:58   ├─ /cards/shared-fate/index.html (+24ms) 
20:31:58   ├─ /cards/shatter/index.html (+39ms) 
20:31:58   ├─ /cards/shining-strike/index.html (+24ms) 
20:31:58   ├─ /cards/shiv/index.html (+16ms) 
20:31:58   ├─ /cards/shockwave/index.html (+18ms) 
20:31:58   ├─ /cards/shroud/index.html (+21ms) 
20:31:58   ├─ /cards/shrug-it-off/index.html (+9ms) 
20:31:58   ├─ /cards/sic-em/index.html (+33ms) 
20:31:58   ├─ /cards/signal-boost/index.html (+21ms) 
20:31:58   ├─ /cards/skewer/index.html (+26ms) 
20:31:58   ├─ /cards/skim/index.html (+33ms) 
20:31:58   ├─ /cards/sleight-of-flesh/index.html (+23ms) 
20:31:58   ├─ /cards/slice/index.html (+34ms) 
20:31:58   ├─ /cards/slimed/index.html (+10ms) 
20:31:58   ├─ /cards/sloth/index.html (+3ms) 
20:31:58   ├─ /cards/smokestack/index.html (+4ms) 
20:31:58   ├─ /cards/snakebite/index.html (+3ms) 
20:31:58   ├─ /cards/snap/index.html (+6ms) 
20:31:58   ├─ /cards/sneaky/index.html (+4ms) 
20:31:58   ├─ /cards/solar-strike/index.html (+3ms) 
20:31:58   ├─ /cards/soot/index.html (+3ms) 
20:31:58   ├─ /cards/soul/index.html (+4ms) 
20:31:58   ├─ /cards/soul-storm/index.html (+62ms) 
20:31:59   ├─ /cards/sovereign-blade/index.html (+40ms) 
20:31:59   ├─ /cards/sow/index.html (+36ms) 
20:31:59   ├─ /cards/spectrum-shift/index.html (+28ms) 
20:31:59   ├─ /cards/speedster/index.html (+44ms) 
20:31:59   ├─ /cards/spinner/index.html (+33ms) 
20:31:59   ├─ /cards/spirit-of-ash/index.html (+50ms) 
20:31:59   ├─ /cards/spite/index.html (+26ms) 
20:31:59   ├─ /cards/splash/index.html (+70ms) 
20:31:59   ├─ /cards/spoils-map/index.html (+10ms) 
20:31:59   ├─ /cards/spoils-of-battle/index.html (+7ms) 
20:31:59   ├─ /cards/spore-mind/index.html (+12ms) 
20:31:59   ├─ /cards/spur/index.html (+52ms) 
20:31:59   ├─ /cards/squash/index.html (+78ms) 
20:31:59   ├─ /cards/squeeze/index.html (+19ms) 
20:31:59   ├─ /cards/stack/index.html (+5ms) 
20:31:59   ├─ /cards/stampede/index.html (+4ms) 
20:31:59   ├─ /cards/stardust/index.html (+5ms) 
20:31:59   ├─ /cards/stoke/index.html (+15ms) 
20:31:59   ├─ /cards/stomp/index.html (+20ms) 
20:31:59   ├─ /cards/stone-armor/index.html (+25ms) 
20:31:59   ├─ /cards/storm/index.html (+16ms) 
20:31:59   ├─ /cards/storm-of-steel/index.html (+6ms) 
20:31:59   ├─ /cards/strangle/index.html (+24ms) 
20:31:59   ├─ /cards/stratagem/index.html (+37ms) 
20:31:59   ├─ /cards/strike/index.html (+47ms) 
20:31:59   ├─ /cards/strike-ironclad/index.html (+55ms) 
20:31:59   ├─ /cards/strike-necrobinder/index.html (+20ms) 
20:31:59   ├─ /cards/strike-regent/index.html (+22ms) 
20:31:59   ├─ /cards/strike-silent/index.html (+7ms) 
20:31:59   ├─ /cards/subroutine/index.html (+4ms) 
20:31:59   ├─ /cards/sucker-punch/index.html (+37ms) 
20:31:59   ├─ /cards/summon-forth/index.html (+37ms) 
20:31:59   ├─ /cards/sunder/index.html (+35ms) 
20:31:59   ├─ /cards/supercritical/index.html (+33ms) 
20:31:59   ├─ /cards/supermassive/index.html (+70ms) 
20:32:00   ├─ /cards/suppress/index.html (+17ms) 
20:32:00   ├─ /cards/survivor/index.html (+36ms) 
20:32:00   ├─ /cards/sweeping-beam/index.html (+6ms) 
20:32:00   ├─ /cards/sweeping-gaze/index.html (+4ms) 
20:32:00   ├─ /cards/sword-boomerang/index.html (+176ms) 
20:32:00   ├─ /cards/sword-sage/index.html (+21ms) 
20:32:00   ├─ /cards/synchronize/index.html (+34ms) 
20:32:00   ├─ /cards/synthesis/index.html (+13ms) 
20:32:00   ├─ /cards/tactician/index.html (+35ms) 
20:32:00   ├─ /cards/tag-team/index.html (+3ms) 
20:32:00   ├─ /cards/tank/index.html (+3ms) 
20:32:00   ├─ /cards/taunt/index.html (+80ms) 
20:32:00   ├─ /cards/tear-asunder/index.html (+48ms) 
20:32:00   ├─ /cards/tempest/index.html (+20ms) 
20:32:00   ├─ /cards/terraforming/index.html (+14ms) 
20:32:00   ├─ /cards/tesla-coil/index.html (+67ms) 
20:32:00   ├─ /cards/the-bomb/index.html (+17ms) 
20:32:00   ├─ /cards/the-gambit/index.html (+3ms) 
20:32:00   ├─ /cards/the-hunt/index.html (+67ms) 
20:32:00   ├─ /cards/the-scythe/index.html (+20ms) 
20:32:00   ├─ /cards/the-sealed-throne/index.html (+26ms) 
20:32:00   ├─ /cards/the-smith/index.html (+4ms) 
20:32:00   ├─ /cards/thinking-ahead/index.html (+55ms) 
20:32:00   ├─ /cards/thrash/index.html (+49ms) 
20:32:00   ├─ /cards/thrumming-hatchet/index.html (+24ms) 
20:32:00   ├─ /cards/thunder/index.html (+4ms) 
20:32:00   ├─ /cards/thunderclap/index.html (+54ms) 
20:32:00   ├─ /cards/time-s-up/index.html (+9ms) 
20:32:00   ├─ /cards/tools-of-the-trade/index.html (+6ms) 
20:32:00   ├─ /cards/toric-toughness/index.html (+40ms) 
20:32:01   ├─ /cards/toxic/index.html (+50ms) 
20:32:01   ├─ /cards/tracking/index.html (+47ms) 
20:32:01   ├─ /cards/transfigure/index.html (+88ms) 
20:32:01   ├─ /cards/trash-to-treasure/index.html (+90ms) 
20:32:01   ├─ /cards/tremble/index.html (+12ms) 
20:32:01   ├─ /cards/true-grit/index.html (+6ms) 
20:32:01   ├─ /cards/turbo/index.html (+28ms) 
20:32:01   ├─ /cards/twin-strike/index.html (+30ms) 
20:32:01   ├─ /cards/tyranny/index.html (+64ms) 
20:32:01   ├─ /cards/ultimate-defend/index.html (+57ms) 
20:32:01   ├─ /cards/ultimate-strike/index.html (+9ms) 
20:32:01   ├─ /cards/undeath/index.html (+28ms) 
20:32:01   ├─ /cards/unleash/index.html (+35ms) 
20:32:01   ├─ /cards/unmovable/index.html (+4ms) 
20:32:01   ├─ /cards/unrelenting/index.html (+4ms) 
20:32:01   ├─ /cards/untouchable/index.html (+29ms) 
20:32:01   ├─ /cards/up-my-sleeve/index.html (+4ms) 
20:32:01   ├─ /cards/uppercut/index.html (+36ms) 
20:32:01   ├─ /cards/uproar/index.html (+35ms) 
20:32:01   ├─ /cards/veilpiercer/index.html (+35ms) 
20:32:01   ├─ /cards/venerate/index.html (+46ms) 
20:32:01   ├─ /cards/vicious/index.html (+21ms) 
20:32:01   ├─ /cards/void/index.html (+14ms) 
20:32:01   ├─ /cards/void-form/index.html (+8ms) 
20:32:01   ├─ /cards/volley/index.html (+3ms) 
20:32:01   ├─ /cards/voltaic/index.html (+8ms) 
20:32:01   ├─ /cards/waste-away/index.html (+9ms) 
20:32:01   ├─ /cards/well-laid-plans/index.html (+3ms) 
20:32:01   ├─ /cards/whirlwind/index.html (+76ms) 
20:32:01   ├─ /cards/whistle/index.html (+49ms) 
20:32:01   ├─ /cards/white-noise/index.html (+45ms) 
20:32:01   ├─ /cards/wish/index.html (+35ms) 
20:32:02   ├─ /cards/wisp/index.html (+22ms) 
20:32:02   ├─ /cards/wound/index.html (+9ms) 
20:32:02   ├─ /cards/wraith-form/index.html (+3ms) 
20:32:02   ├─ /cards/writhe/index.html (+5ms) 
20:32:02   ├─ /cards/wrought-in-war/index.html (+33ms) 
20:32:02   ├─ /cards/zap/index.html (+9ms) 
20:32:02   ├─ /characters/index.html (+47ms) 
20:32:02   ├─ /characters/defect/index.html (+143ms) 
20:32:02   ├─ /characters/ironclad/index.html (+113ms) 
20:32:02   ├─ /characters/necrobinder/index.html (+111ms) 
20:32:02   ├─ /characters/regent/index.html (+62ms) 
20:32:02   ├─ /characters/silent/index.html (+83ms) 
20:32:02   ├─ /enchantments/index.html (+67ms) 
20:32:02   ├─ /enchantments/adroit/index.html (+90ms) 
20:32:02   ├─ /enchantments/clone/index.html (+50ms) 
20:32:02   ├─ /enchantments/corrupted/index.html (+67ms) 
20:32:02   ├─ /enchantments/glam/index.html (+58ms) 
20:32:03   ├─ /enchantments/goopy/index.html (+175ms) 
20:32:03   ├─ /enchantments/imbued/index.html (+61ms) 
20:32:03   ├─ /enchantments/instinct/index.html (+54ms) 
20:32:03   ├─ /enchantments/momentum/index.html (+10ms) 
20:32:03   ├─ /enchantments/nimble/index.html (+18ms) 
20:32:03   ├─ /enchantments/perfect-fit/index.html (+11ms) 
20:32:03   ├─ /enchantments/royally-approved/index.html (+239ms) 
20:32:03   ├─ /enchantments/sharp/index.html (+18ms) 
20:32:03   ├─ /enchantments/slither/index.html (+104ms) 
20:32:03   ├─ /enchantments/slumbering-essence/index.html (+31ms) 
20:32:03   ├─ /enchantments/soul-s-power/index.html (+99ms) 
20:32:03   ├─ /enchantments/sown/index.html (+34ms) 
20:32:03   ├─ /enchantments/spiral/index.html (+168ms) 
20:32:04   ├─ /enchantments/steady/index.html (+29ms) 
20:32:04   ├─ /enchantments/swift/index.html (+86ms) 
20:32:04   ├─ /enchantments/tezcatara-s-ember/index.html (+29ms) 
20:32:04   ├─ /enchantments/vigorous/index.html (+8ms) 
20:32:04   ├─ /encounters/index.html (+126ms) 
20:32:04   ├─ /encounters/a-lone-globe-head/index.html (+92ms) 
20:32:04   ├─ /encounters/a-lone-nibbit/index.html (+45ms) 
20:32:04   ├─ /encounters/a-pair-of-nibbits/index.html (+107ms) 
20:32:04   ├─ /encounters/an-automaton-pair/index.html (+43ms) 
20:32:04   ├─ /encounters/battleworn-dummy/index.html (+74ms) 
20:32:04   ├─ /encounters/bot-buddies/index.html (+8ms) 
20:32:04   ├─ /encounters/bowlbug-swarm/index.html (+10ms) 
20:32:04   ├─ /encounters/bowlbugs/index.html (+113ms) 
20:32:04   ├─ /encounters/bygone-effigy/index.html (+33ms) 
20:32:04   ├─ /encounters/byrdonis/index.html (+11ms) 
20:32:04   ├─ /encounters/ceremonial-beast/index.html (+18ms) 
20:32:04   ├─ /encounters/construct-menagerie/index.html (+123ms) 
20:32:04   ├─ /encounters/corpse-slugs/index.html (+129ms) 
20:32:05   ├─ /encounters/cubex-construct/index.html (+29ms) 
20:32:05   ├─ /encounters/cultists/index.html (+54ms) 
20:32:05   ├─ /encounters/deprecated-encounter/index.html (+60ms) 
20:32:05   ├─ /encounters/devoted-sculptor/index.html (+95ms) 
20:32:05   ├─ /encounters/entomancer/index.html (+39ms) 
20:32:05   ├─ /encounters/evil-gas/index.html (+74ms) 
20:32:05   ├─ /encounters/exoskeletons/index.html (+56ms) 
20:32:05   ├─ /encounters/fabricator/index.html (+60ms) 
20:32:05   ├─ /encounters/fogmog/index.html (+53ms) 
20:32:05   ├─ /encounters/fossil-stalker/index.html (+93ms) 
20:32:05   ├─ /encounters/frog-knight/index.html (+62ms) 
20:32:05   ├─ /encounters/fuzzy-wurm-crawler/index.html (+75ms) 
20:32:05   ├─ /encounters/group-of-slimes/index.html (+74ms) 
20:32:05   ├─ /encounters/haunted-ship/index.html (+63ms) 
20:32:06   ├─ /encounters/hunter-killer/index.html (+71ms) 
20:32:06   ├─ /encounters/infested-prism/index.html (+94ms) 
20:32:06   ├─ /encounters/inklets/index.html (+101ms) 
20:32:06   ├─ /encounters/kaiser-crab/index.html (+115ms) 
20:32:06   ├─ /encounters/knight-gang/index.html (+47ms) 
20:32:06   ├─ /encounters/knowledge-demon/index.html (+129ms) 
20:32:06   ├─ /encounters/lagavulin-matriarch/index.html (+31ms) 
20:32:06   ├─ /encounters/lost-and-forgotten/index.html (+15ms) 
20:32:06   ├─ /encounters/louse-progenitor/index.html (+118ms) 
20:32:06   ├─ /encounters/many-corpse-slugs/index.html (+210ms) 
20:32:06   ├─ /encounters/many-exoskeletons/index.html (+13ms) 
20:32:06   ├─ /encounters/many-scrolls-of-biting/index.html (+90ms) 
20:32:07   ├─ /encounters/mass-of-mytes/index.html (+94ms) 
20:32:07   ├─ /encounters/mawler/index.html (+56ms) 
20:32:07   ├─ /encounters/mecha-knight/index.html (+87ms) 
20:32:07   ├─ /encounters/mysterious-knight/index.html (+101ms) 
20:32:07   ├─ /encounters/overgrowth-crawlers/index.html (+17ms) 
20:32:07   ├─ /encounters/overgrowth-flora/index.html (+57ms) 
20:32:07   ├─ /encounters/ovicopter/index.html (+34ms) 
20:32:07   ├─ /encounters/owl-magistrate/index.html (+90ms) 
20:32:07   ├─ /encounters/phantasmal-gardeners/index.html (+28ms) 
20:32:07   ├─ /encounters/phrog-parasite/index.html (+30ms) 
20:32:07   ├─ /encounters/punch-construct/index.html (+50ms) 
20:32:07   ├─ /encounters/punch-constructs/index.html (+24ms) 
20:32:07   ├─ /encounters/queen/index.html (+28ms) 
20:32:07   ├─ /encounters/ruby-raiders/index.html (+68ms) 
20:32:07   ├─ /encounters/scrolls-of-biting/index.html (+63ms) 
20:32:07   ├─ /encounters/seapunk/index.html (+28ms) 
20:32:07   ├─ /encounters/sewer-clam/index.html (+66ms) 
20:32:07   ├─ /encounters/shrinker-beetle/index.html (+70ms) 
20:32:08   ├─ /encounters/shroom-and-slime/index.html (+11ms) 
20:32:08   ├─ /encounters/skulking-colony/index.html (+107ms) 
20:32:08   ├─ /encounters/slimed-berserker/index.html (+63ms) 
20:32:08   ├─ /encounters/sludge-spinner/index.html (+35ms) 
20:32:08   ├─ /encounters/slumber-party/index.html (+19ms) 
20:32:08   ├─ /encounters/soul-fysh/index.html (+114ms) 
20:32:08   ├─ /encounters/soul-nexus/index.html (+30ms) 
20:32:08   ├─ /encounters/spiny-toad/index.html (+15ms) 
20:32:08   ├─ /encounters/strangler-and-friend/index.html (+102ms) 
20:32:08   ├─ /encounters/swarm-of-slimes/index.html (+41ms) 
20:32:08   ├─ /encounters/terror-eel/index.html (+50ms) 
20:32:08   ├─ /encounters/test-subject/index.html (+29ms) 
20:32:08   ├─ /encounters/the-architect/index.html (+6ms) 
20:32:08   ├─ /encounters/the-decimillipede/index.html (+15ms) 
20:32:08   ├─ /encounters/the-doormaker/index.html (+94ms) 
20:32:08   ├─ /encounters/the-insatiable/index.html (+38ms) 
20:32:08   ├─ /encounters/the-kin/index.html (+56ms) 
20:32:08   ├─ /encounters/the-merchant/index.html (+39ms) 
20:32:08   ├─ /encounters/the-obscura/index.html (+9ms) 
20:32:08   ├─ /encounters/thieving-hopper/index.html (+58ms) 
20:32:08   ├─ /encounters/toadpoles/index.html (+26ms) 
20:32:08   ├─ /encounters/tunneler/index.html (+53ms) 
20:32:09   ├─ /encounters/tunneling-twosome/index.html (+51ms) 
20:32:09   ├─ /encounters/turret-operator/index.html (+54ms) 
20:32:09   ├─ /encounters/two-gremlins-in-a-trenchcoat/index.html (+50ms) 
20:32:09   ├─ /encounters/two-tailed-rats/index.html (+43ms) 
20:32:09   ├─ /encounters/underdocks-wildlife/index.html (+26ms) 
20:32:09   ├─ /encounters/vantom/index.html (+11ms) 
20:32:09   ├─ /encounters/vine-shambler/index.html (+58ms) 
20:32:09   ├─ /encounters/waterfall-giant/index.html (+25ms) 
20:32:09   ├─ /encounters/wrigglers/index.html (+30ms) 
20:32:09   ├─ /epochs/index.html20:32:09 [ERROR] Error [ERR_MODULE_NOT_FOUND]: Cannot find module '/Users/drmaciver/Projects/sts2-wiki/site/dist/.prerender/chunks/index_C2eWmO_8.mjs' imported from /Users/drmaciver/Projects/sts2-wiki/site/dist/.prerender/chunks/prerender_CuO48n4O.mjs
    at finalizeResolution (node:internal/modules/esm/resolve:275:11)
    at moduleResolve (node:internal/modules/esm/resolve:860:10)
    at defaultResolve (node:internal/modules/esm/resolve:984:11)
    at ModuleLoader.defaultResolve (node:internal/modules/esm/loader:688:12)
    at #cachedDefaultResolve (node:internal/modules/esm/loader:612:25)
    at #resolveAndMaybeBlockOnLoaderThread (node:internal/modules/esm/loader:647:38)
    at wrappedHook (node:internal/modules/customization_hooks:149:26)
    at customizationHookResolve (file:///Users/drmaciver/Projects/sts2-wiki/site/node_modules/vite/dist/node/module-runner.js:937:9)
    at wrappedHook (node:internal/modules/customization_hooks:149:26)
    at resolveWithHooks (node:internal/modules/customization_hooks:355:10)
20:32:09 [ERROR] [build] Caught error rendering /epochs: Error [ERR_MODULE_NOT_FOUND]: Cannot find module '/Users/drmaciver/Projects/sts2-wiki/site/dist/.prerender/chunks/index_C2eWmO_8.mjs' imported from /Users/drmaciver/Projects/sts2-wiki/site/dist/.prerender/chunks/prerender_CuO48n4O.mjs
Cannot find module '/Users/drmaciver/Projects/sts2-wiki/site/dist/.prerender/chunks/index_C2eWmO_8.mjs' imported from /Users/drmaciver/Projects/sts2-wiki/site/dist/.prerender/chunks/prerender_CuO48n4O.mjs
  Stack trace:
    at finalizeResolution (node:internal/modules/esm/resolve:275:11)
    at defaultResolve (node:internal/modules/esm/resolve:984:11)
    at #cachedDefaultResolve (node:internal/modules/esm/loader:612:25)
    at wrappedHook (node:internal/modules/customization_hooks:149:26)
    at wrappedHook (node:internal/modules/customization_hooks:149:26)
